2023-04-29 13:37:30,810 INFO [main] o.a.n.b.NotificationServiceManager Successfully loaded the following 0 services: []
2023-04-29 13:37:30,833 INFO [main] org.apache.nifi.bootstrap.RunNiFi Registered no Notification Services for Notification Type NIFI_STARTED
2023-04-29 13:37:30,835 INFO [main] org.apache.nifi.bootstrap.RunNiFi Registered no Notification Services for Notification Type NIFI_STOPPED
2023-04-29 13:37:30,836 INFO [main] org.apache.nifi.bootstrap.RunNiFi Registered no Notification Services for Notification Type NIFI_DIED
2023-04-29 13:37:30,900 INFO [main] org.apache.nifi.bootstrap.Command Apache NiFi has accepted the Shutdown Command and is shutting down now
2023-04-29 13:37:30,959 INFO [main] org.apache.nifi.bootstrap.Command NiFi PID [98] shutdown in progress...
2023-04-29 13:37:32,968 INFO [main] org.apache.nifi.bootstrap.Command NiFi PID [98] shutdown in progress...
2023-04-29 13:37:34,974 INFO [main] org.apache.nifi.bootstrap.Command NiFi PID [98] shutdown in progress...
2023-04-29 13:37:36,981 INFO [main] org.apache.nifi.bootstrap.Command NiFi PID [98] shutdown in progress...
2023-04-29 13:37:38,989 INFO [main] org.apache.nifi.bootstrap.Command NiFi PID [98] shutdown in progress...
2023-04-29 14:46:56,743 INFO [main] o.a.n.b.NotificationServiceManager Successfully loaded the following 0 services: []
2023-04-29 14:46:56,755 INFO [main] org.apache.nifi.bootstrap.RunNiFi Registered no Notification Services for Notification Type NIFI_STARTED
2023-04-29 14:46:56,755 INFO [main] org.apache.nifi.bootstrap.RunNiFi Registered no Notification Services for Notification Type NIFI_STOPPED
2023-04-29 14:46:56,756 INFO [main] org.apache.nifi.bootstrap.RunNiFi Registered no Notification Services for Notification Type NIFI_DIED
2023-04-29 14:46:56,805 INFO [main] org.apache.nifi.bootstrap.RunNiFi Runtime Java version: 11.0.18
2023-04-29 14:46:56,831 INFO [main] org.apache.nifi.bootstrap.Command Starting Apache NiFi...
2023-04-29 14:46:56,833 INFO [main] org.apache.nifi.bootstrap.Command Working Directory: /opt/nifi/nifi-current
2023-04-29 14:46:56,834 INFO [main] org.apache.nifi.bootstrap.Command Command: /opt/java/openjdk/bin/java -classpath /opt/nifi/nifi-current/./conf:/opt/nifi/nifi-current/./lib/nifi-stateless-api-1.21.0.jar:/opt/nifi/nifi-current/./lib/nifi-framework-api-1.21.0.jar:/opt/nifi/nifi-current/./lib/jul-to-slf4j-2.0.7.jar:/opt/nifi/nifi-current/./lib/nifi-api-1.21.0.jar:/opt/nifi/nifi-current/./lib/nifi-stateless-bootstrap-1.21.0.jar:/opt/nifi/nifi-current/./lib/nifi-properties-1.21.0.jar:/opt/nifi/nifi-current/./lib/javax.servlet-api-3.1.0.jar:/opt/nifi/nifi-current/./lib/logback-classic-1.3.5.jar:/opt/nifi/nifi-current/./lib/nifi-server-api-1.21.0.jar:/opt/nifi/nifi-current/./lib/nifi-nar-utils-1.21.0.jar:/opt/nifi/nifi-current/./lib/slf4j-api-2.0.7.jar:/opt/nifi/nifi-current/./lib/jcl-over-slf4j-2.0.7.jar:/opt/nifi/nifi-current/./lib/log4j-over-slf4j-2.0.7.jar:/opt/nifi/nifi-current/./lib/logback-core-1.3.5.jar:/opt/nifi/nifi-current/./lib/nifi-runtime-1.21.0.jar:/opt/nifi/nifi-current/./lib/jetty-schemas-5.2.jar:/opt/nifi/nifi-current/./lib/nifi-property-utils-1.21.0.jar:/opt/nifi/nifi-current/./lib/java11/jaxb-runtime-2.3.5.jar:/opt/nifi/nifi-current/./lib/java11/jakarta.activation-api-1.2.2.jar:/opt/nifi/nifi-current/./lib/java11/txw2-2.3.5.jar:/opt/nifi/nifi-current/./lib/java11/jakarta.xml.bind-api-2.3.3.jar:/opt/nifi/nifi-current/./lib/java11/istack-commons-runtime-3.0.12.jar:/opt/nifi/nifi-current/./lib/java11/javax.annotation-api-1.3.2.jar:/opt/nifi/nifi-current/./lib/java11/jakarta.activation-1.2.2.jar -Dorg.apache.jasper.compiler.disablejsr199=true -Xmx512m -Xms512m -Dcurator-log-only-first-connection-issue-as-error-level=true -Djavax.security.auth.useSubjectCredsOnly=true -Djava.security.egd=file:/dev/urandom -Dzookeeper.admin.enableServer=false -Dsun.net.http.allowRestrictedHeaders=true -Djava.net.preferIPv4Stack=true -Djava.awt.headless=true -Djava.protocol.handler.pkgs=sun.net.www.protocol -Dnifi.properties.file.path=/opt/nifi/nifi-current/./conf/nifi.properties -Dnifi.bootstrap.listen.port=41579 -Dapp=NiFi -Dorg.apache.nifi.bootstrap.config.log.dir=/opt/nifi/nifi-current/logs org.apache.nifi.NiFi 
2023-04-29 14:46:56,847 INFO [main] org.apache.nifi.bootstrap.Command Launched Apache NiFi with Process ID 102
2023-04-29 14:46:58,288 INFO [NiFi Bootstrap Command Listener] org.apache.nifi.bootstrap.RunNiFi Apache NiFi now running and listening for Bootstrap requests on port 38693
2023-04-29 14:55:04,893 ERROR [NiFi logging handler] org.apache.nifi.StdErr WARNING: An illegal reflective access operation has occurred
2023-04-29 14:55:04,898 ERROR [NiFi logging handler] org.apache.nifi.StdErr WARNING: Illegal reflective access by org.springframework.cglib.core.ReflectUtils (file:/opt/nifi/nifi-current/./work/nar/framework/nifi-framework-nar-1.21.0.nar-unpacked/NAR-INF/bundled-dependencies/spring-core-5.3.26.jar) to method java.lang.ClassLoader.defineClass(java.lang.String,byte[],int,int,java.security.ProtectionDomain)
2023-04-29 14:55:04,900 ERROR [NiFi logging handler] org.apache.nifi.StdErr WARNING: Please consider reporting this to the maintainers of org.springframework.cglib.core.ReflectUtils
2023-04-29 14:55:04,902 ERROR [NiFi logging handler] org.apache.nifi.StdErr WARNING: Use --illegal-access=warn to enable warnings of further illegal reflective access operations
2023-04-29 14:55:04,906 ERROR [NiFi logging handler] org.apache.nifi.StdErr WARNING: All illegal access operations will be denied in a future release
2023-04-29 16:11:20,778 INFO [main] o.a.n.b.NotificationServiceManager Successfully loaded the following 0 services: []
2023-04-29 16:11:20,789 INFO [main] org.apache.nifi.bootstrap.RunNiFi Registered no Notification Services for Notification Type NIFI_STARTED
2023-04-29 16:11:20,790 INFO [main] org.apache.nifi.bootstrap.RunNiFi Registered no Notification Services for Notification Type NIFI_STOPPED
2023-04-29 16:11:20,791 INFO [main] org.apache.nifi.bootstrap.RunNiFi Registered no Notification Services for Notification Type NIFI_DIED
2023-04-29 16:11:20,824 INFO [main] org.apache.nifi.bootstrap.Command Apache NiFi has accepted the Shutdown Command and is shutting down now
2023-04-29 16:11:20,859 INFO [main] org.apache.nifi.bootstrap.Command NiFi PID [102] shutdown in progress...
2023-04-29 16:11:22,868 INFO [main] org.apache.nifi.bootstrap.Command NiFi PID [102] shutdown in progress...
2023-04-29 16:11:24,872 INFO [main] org.apache.nifi.bootstrap.RunNiFi A shutdown was initiated. Will not restart NiFi
2023-04-29 16:11:24,875 INFO [main] org.apache.nifi.bootstrap.Command NiFi PID [102] shutdown completed
2023-04-29 16:23:03,763 INFO [main] o.a.n.b.NotificationServiceManager Successfully loaded the following 0 services: []
2023-04-29 16:23:03,773 INFO [main] org.apache.nifi.bootstrap.RunNiFi Registered no Notification Services for Notification Type NIFI_STARTED
2023-04-29 16:23:03,775 INFO [main] org.apache.nifi.bootstrap.RunNiFi Registered no Notification Services for Notification Type NIFI_STOPPED
2023-04-29 16:23:03,777 INFO [main] org.apache.nifi.bootstrap.RunNiFi Registered no Notification Services for Notification Type NIFI_DIED
2023-04-29 16:23:03,795 INFO [main] org.apache.nifi.bootstrap.RunNiFi Runtime Java version: 11.0.18
2023-04-29 16:23:03,834 INFO [main] org.apache.nifi.bootstrap.Command Starting Apache NiFi...
2023-04-29 16:23:03,837 INFO [main] org.apache.nifi.bootstrap.Command Working Directory: /opt/nifi/nifi-current
2023-04-29 16:23:03,839 INFO [main] org.apache.nifi.bootstrap.Command Command: /opt/java/openjdk/bin/java -classpath /opt/nifi/nifi-current/./conf:/opt/nifi/nifi-current/./lib/nifi-stateless-api-1.21.0.jar:/opt/nifi/nifi-current/./lib/nifi-framework-api-1.21.0.jar:/opt/nifi/nifi-current/./lib/jul-to-slf4j-2.0.7.jar:/opt/nifi/nifi-current/./lib/nifi-api-1.21.0.jar:/opt/nifi/nifi-current/./lib/nifi-stateless-bootstrap-1.21.0.jar:/opt/nifi/nifi-current/./lib/nifi-properties-1.21.0.jar:/opt/nifi/nifi-current/./lib/javax.servlet-api-3.1.0.jar:/opt/nifi/nifi-current/./lib/logback-classic-1.3.5.jar:/opt/nifi/nifi-current/./lib/nifi-server-api-1.21.0.jar:/opt/nifi/nifi-current/./lib/nifi-nar-utils-1.21.0.jar:/opt/nifi/nifi-current/./lib/slf4j-api-2.0.7.jar:/opt/nifi/nifi-current/./lib/jcl-over-slf4j-2.0.7.jar:/opt/nifi/nifi-current/./lib/log4j-over-slf4j-2.0.7.jar:/opt/nifi/nifi-current/./lib/logback-core-1.3.5.jar:/opt/nifi/nifi-current/./lib/nifi-runtime-1.21.0.jar:/opt/nifi/nifi-current/./lib/jetty-schemas-5.2.jar:/opt/nifi/nifi-current/./lib/nifi-property-utils-1.21.0.jar:/opt/nifi/nifi-current/./lib/java11/jaxb-runtime-2.3.5.jar:/opt/nifi/nifi-current/./lib/java11/jakarta.activation-api-1.2.2.jar:/opt/nifi/nifi-current/./lib/java11/txw2-2.3.5.jar:/opt/nifi/nifi-current/./lib/java11/jakarta.xml.bind-api-2.3.3.jar:/opt/nifi/nifi-current/./lib/java11/istack-commons-runtime-3.0.12.jar:/opt/nifi/nifi-current/./lib/java11/javax.annotation-api-1.3.2.jar:/opt/nifi/nifi-current/./lib/java11/jakarta.activation-1.2.2.jar -Dorg.apache.jasper.compiler.disablejsr199=true -Xmx512m -Xms512m -Dcurator-log-only-first-connection-issue-as-error-level=true -Djavax.security.auth.useSubjectCredsOnly=true -Djava.security.egd=file:/dev/urandom -Dzookeeper.admin.enableServer=false -Dsun.net.http.allowRestrictedHeaders=true -Djava.net.preferIPv4Stack=true -Djava.awt.headless=true -Djava.protocol.handler.pkgs=sun.net.www.protocol -Dnifi.properties.file.path=/opt/nifi/nifi-current/./conf/nifi.properties -Dnifi.bootstrap.listen.port=42491 -Dapp=NiFi -Dorg.apache.nifi.bootstrap.config.log.dir=/opt/nifi/nifi-current/logs org.apache.nifi.NiFi 
2023-04-29 16:23:03,874 INFO [main] org.apache.nifi.bootstrap.Command Launched Apache NiFi with Process ID 98
2023-04-29 16:23:05,098 INFO [NiFi Bootstrap Command Listener] org.apache.nifi.bootstrap.RunNiFi Apache NiFi now running and listening for Bootstrap requests on port 34325
2023-04-29 16:23:53,464 ERROR [NiFi logging handler] org.apache.nifi.StdErr Warning: Nashorn engine is planned to be removed from a future JDK release
2023-04-29 16:24:05,206 ERROR [NiFi logging handler] org.apache.nifi.StdErr Warning: Nashorn engine is planned to be removed from a future JDK release
2023-04-29 16:24:05,616 ERROR [NiFi logging handler] org.apache.nifi.StdErr Warning: Nashorn engine is planned to be removed from a future JDK release
2023-04-29 16:24:05,628 ERROR [NiFi logging handler] org.apache.nifi.StdErr Warning: Nashorn engine is planned to be removed from a future JDK release
2023-04-29 16:24:05,645 ERROR [NiFi logging handler] org.apache.nifi.StdErr Warning: Nashorn engine is planned to be removed from a future JDK release
2023-04-29 16:24:05,679 ERROR [NiFi logging handler] org.apache.nifi.StdErr Warning: Nashorn engine is planned to be removed from a future JDK release
2023-04-29 16:24:05,691 ERROR [NiFi logging handler] org.apache.nifi.StdErr Warning: Nashorn engine is planned to be removed from a future JDK release
2023-04-29 16:24:05,943 ERROR [NiFi logging handler] org.apache.nifi.StdErr Warning: Nashorn engine is planned to be removed from a future JDK release
2023-04-29 16:24:05,964 ERROR [NiFi logging handler] org.apache.nifi.StdErr Warning: Nashorn engine is planned to be removed from a future JDK release
2023-04-29 16:25:01,780 ERROR [NiFi logging handler] org.apache.nifi.StdErr WARNING: An illegal reflective access operation has occurred
2023-04-29 16:25:01,784 ERROR [NiFi logging handler] org.apache.nifi.StdErr WARNING: Illegal reflective access by org.springframework.cglib.core.ReflectUtils (file:/opt/nifi/nifi-current/./work/nar/framework/nifi-framework-nar-1.21.0.nar-unpacked/NAR-INF/bundled-dependencies/spring-core-5.3.26.jar) to method java.lang.ClassLoader.defineClass(java.lang.String,byte[],int,int,java.security.ProtectionDomain)
2023-04-29 16:25:01,786 ERROR [NiFi logging handler] org.apache.nifi.StdErr WARNING: Please consider reporting this to the maintainers of org.springframework.cglib.core.ReflectUtils
2023-04-29 16:25:01,788 ERROR [NiFi logging handler] org.apache.nifi.StdErr WARNING: Use --illegal-access=warn to enable warnings of further illegal reflective access operations
2023-04-29 16:25:01,790 ERROR [NiFi logging handler] org.apache.nifi.StdErr WARNING: All illegal access operations will be denied in a future release
2023-04-29 17:37:53,088 INFO [main] o.a.n.b.NotificationServiceManager Successfully loaded the following 0 services: []
2023-04-29 17:37:53,098 INFO [main] org.apache.nifi.bootstrap.RunNiFi Registered no Notification Services for Notification Type NIFI_STARTED
2023-04-29 17:37:53,100 INFO [main] org.apache.nifi.bootstrap.RunNiFi Registered no Notification Services for Notification Type NIFI_STOPPED
2023-04-29 17:37:53,102 INFO [main] org.apache.nifi.bootstrap.RunNiFi Registered no Notification Services for Notification Type NIFI_DIED
2023-04-29 17:37:53,145 INFO [main] org.apache.nifi.bootstrap.Command Apache NiFi has accepted the Shutdown Command and is shutting down now
2023-04-29 17:37:53,198 INFO [main] org.apache.nifi.bootstrap.Command NiFi PID [98] shutdown in progress...
2023-04-29 17:37:55,207 INFO [main] org.apache.nifi.bootstrap.Command NiFi PID [98] shutdown in progress...
2023-04-29 17:37:57,214 INFO [main] org.apache.nifi.bootstrap.Command NiFi PID [98] shutdown in progress...
2023-04-29 17:37:59,240 INFO [main] org.apache.nifi.bootstrap.Command NiFi PID [98] shutdown completed
2023-04-29 17:37:59,261 INFO [main] org.apache.nifi.bootstrap.RunNiFi Status File no longer exists. Will not restart NiFi
2023-04-29 17:51:17,108 INFO [main] o.a.n.b.NotificationServiceManager Successfully loaded the following 0 services: []
2023-04-29 17:51:17,119 INFO [main] org.apache.nifi.bootstrap.RunNiFi Registered no Notification Services for Notification Type NIFI_STARTED
2023-04-29 17:51:17,120 INFO [main] org.apache.nifi.bootstrap.RunNiFi Registered no Notification Services for Notification Type NIFI_STOPPED
2023-04-29 17:51:17,121 INFO [main] org.apache.nifi.bootstrap.RunNiFi Registered no Notification Services for Notification Type NIFI_DIED
2023-04-29 17:51:17,131 INFO [main] org.apache.nifi.bootstrap.RunNiFi Runtime Java version: 11.0.18
2023-04-29 17:51:17,164 INFO [main] org.apache.nifi.bootstrap.Command Starting Apache NiFi...
2023-04-29 17:51:17,166 INFO [main] org.apache.nifi.bootstrap.Command Working Directory: /opt/nifi/nifi-current
2023-04-29 17:51:17,168 INFO [main] org.apache.nifi.bootstrap.Command Command: /opt/java/openjdk/bin/java -classpath /opt/nifi/nifi-current/./conf:/opt/nifi/nifi-current/./lib/nifi-stateless-api-1.21.0.jar:/opt/nifi/nifi-current/./lib/nifi-framework-api-1.21.0.jar:/opt/nifi/nifi-current/./lib/jul-to-slf4j-2.0.7.jar:/opt/nifi/nifi-current/./lib/nifi-api-1.21.0.jar:/opt/nifi/nifi-current/./lib/nifi-stateless-bootstrap-1.21.0.jar:/opt/nifi/nifi-current/./lib/nifi-properties-1.21.0.jar:/opt/nifi/nifi-current/./lib/javax.servlet-api-3.1.0.jar:/opt/nifi/nifi-current/./lib/logback-classic-1.3.5.jar:/opt/nifi/nifi-current/./lib/nifi-server-api-1.21.0.jar:/opt/nifi/nifi-current/./lib/nifi-nar-utils-1.21.0.jar:/opt/nifi/nifi-current/./lib/slf4j-api-2.0.7.jar:/opt/nifi/nifi-current/./lib/jcl-over-slf4j-2.0.7.jar:/opt/nifi/nifi-current/./lib/log4j-over-slf4j-2.0.7.jar:/opt/nifi/nifi-current/./lib/logback-core-1.3.5.jar:/opt/nifi/nifi-current/./lib/nifi-runtime-1.21.0.jar:/opt/nifi/nifi-current/./lib/jetty-schemas-5.2.jar:/opt/nifi/nifi-current/./lib/nifi-property-utils-1.21.0.jar:/opt/nifi/nifi-current/./lib/java11/jaxb-runtime-2.3.5.jar:/opt/nifi/nifi-current/./lib/java11/jakarta.activation-api-1.2.2.jar:/opt/nifi/nifi-current/./lib/java11/txw2-2.3.5.jar:/opt/nifi/nifi-current/./lib/java11/jakarta.xml.bind-api-2.3.3.jar:/opt/nifi/nifi-current/./lib/java11/istack-commons-runtime-3.0.12.jar:/opt/nifi/nifi-current/./lib/java11/javax.annotation-api-1.3.2.jar:/opt/nifi/nifi-current/./lib/java11/jakarta.activation-1.2.2.jar -Dorg.apache.jasper.compiler.disablejsr199=true -Xmx512m -Xms512m -Dcurator-log-only-first-connection-issue-as-error-level=true -Djavax.security.auth.useSubjectCredsOnly=true -Djava.security.egd=file:/dev/urandom -Dzookeeper.admin.enableServer=false -Dsun.net.http.allowRestrictedHeaders=true -Djava.net.preferIPv4Stack=true -Djava.awt.headless=true -Djava.protocol.handler.pkgs=sun.net.www.protocol -Dnifi.properties.file.path=/opt/nifi/nifi-current/./conf/nifi.properties -Dnifi.bootstrap.listen.port=38439 -Dapp=NiFi -Dorg.apache.nifi.bootstrap.config.log.dir=/opt/nifi/nifi-current/logs org.apache.nifi.NiFi 
2023-04-29 17:51:17,205 INFO [main] org.apache.nifi.bootstrap.Command Launched Apache NiFi with Process ID 98
2023-04-29 17:51:18,398 INFO [NiFi Bootstrap Command Listener] org.apache.nifi.bootstrap.RunNiFi Apache NiFi now running and listening for Bootstrap requests on port 37789
2023-04-29 17:52:08,742 ERROR [NiFi logging handler] org.apache.nifi.StdErr Warning: Nashorn engine is planned to be removed from a future JDK release
2023-04-29 17:52:19,829 ERROR [NiFi logging handler] org.apache.nifi.StdErr Warning: Nashorn engine is planned to be removed from a future JDK release
2023-04-29 17:52:20,218 ERROR [NiFi logging handler] org.apache.nifi.StdErr Warning: Nashorn engine is planned to be removed from a future JDK release
2023-04-29 17:52:20,229 ERROR [NiFi logging handler] org.apache.nifi.StdErr Warning: Nashorn engine is planned to be removed from a future JDK release
2023-04-29 17:52:20,242 ERROR [NiFi logging handler] org.apache.nifi.StdErr Warning: Nashorn engine is planned to be removed from a future JDK release
2023-04-29 17:52:20,274 ERROR [NiFi logging handler] org.apache.nifi.StdErr Warning: Nashorn engine is planned to be removed from a future JDK release
2023-04-29 17:52:20,286 ERROR [NiFi logging handler] org.apache.nifi.StdErr Warning: Nashorn engine is planned to be removed from a future JDK release
2023-04-29 17:52:20,533 ERROR [NiFi logging handler] org.apache.nifi.StdErr Warning: Nashorn engine is planned to be removed from a future JDK release
2023-04-29 17:52:20,579 ERROR [NiFi logging handler] org.apache.nifi.StdErr Warning: Nashorn engine is planned to be removed from a future JDK release
2023-04-29 17:53:29,676 ERROR [NiFi logging handler] org.apache.nifi.StdErr WARNING: An illegal reflective access operation has occurred
2023-04-29 17:53:29,679 ERROR [NiFi logging handler] org.apache.nifi.StdErr WARNING: Illegal reflective access by org.springframework.cglib.core.ReflectUtils (file:/opt/nifi/nifi-current/./work/nar/framework/nifi-framework-nar-1.21.0.nar-unpacked/NAR-INF/bundled-dependencies/spring-core-5.3.26.jar) to method java.lang.ClassLoader.defineClass(java.lang.String,byte[],int,int,java.security.ProtectionDomain)
2023-04-29 17:53:29,680 ERROR [NiFi logging handler] org.apache.nifi.StdErr WARNING: Please consider reporting this to the maintainers of org.springframework.cglib.core.ReflectUtils
2023-04-29 17:53:29,682 ERROR [NiFi logging handler] org.apache.nifi.StdErr WARNING: Use --illegal-access=warn to enable warnings of further illegal reflective access operations
2023-04-29 17:53:29,683 ERROR [NiFi logging handler] org.apache.nifi.StdErr WARNING: All illegal access operations will be denied in a future release
2023-04-29 17:54:50,132 INFO [main] o.a.n.b.NotificationServiceManager Successfully loaded the following 0 services: []
2023-04-29 17:54:50,145 INFO [main] org.apache.nifi.bootstrap.RunNiFi Registered no Notification Services for Notification Type NIFI_STARTED
2023-04-29 17:54:50,147 INFO [main] org.apache.nifi.bootstrap.RunNiFi Registered no Notification Services for Notification Type NIFI_STOPPED
2023-04-29 17:54:50,148 INFO [main] org.apache.nifi.bootstrap.RunNiFi Registered no Notification Services for Notification Type NIFI_DIED
2023-04-29 17:54:50,187 INFO [main] org.apache.nifi.bootstrap.Command Apache NiFi has accepted the Shutdown Command and is shutting down now
2023-04-29 17:54:50,237 INFO [main] org.apache.nifi.bootstrap.Command NiFi PID [98] shutdown in progress...
2023-04-29 17:54:52,244 INFO [main] org.apache.nifi.bootstrap.Command NiFi PID [98] shutdown in progress...
2023-04-29 17:54:54,251 INFO [main] org.apache.nifi.bootstrap.Command NiFi PID [98] shutdown completed
2023-04-29 17:54:54,432 INFO [main] org.apache.nifi.bootstrap.RunNiFi Status File no longer exists. Will not restart NiFi
