2023-05-03 01:38:23,828 INFO [main] o.a.n.b.NotificationServiceManager Successfully loaded the following 0 services: []
2023-05-03 01:38:23,857 INFO [main] org.apache.nifi.bootstrap.RunNiFi Registered no Notification Services for Notification Type NIFI_STARTED
2023-05-03 01:38:23,858 INFO [main] org.apache.nifi.bootstrap.RunNiFi Registered no Notification Services for Notification Type NIFI_STOPPED
2023-05-03 01:38:23,859 INFO [main] org.apache.nifi.bootstrap.RunNiFi Registered no Notification Services for Notification Type NIFI_DIED
2023-05-03 01:38:23,977 INFO [main] org.apache.nifi.bootstrap.Command Apache NiFi has accepted the Shutdown Command and is shutting down now
2023-05-03 01:38:24,165 INFO [main] org.apache.nifi.bootstrap.Command NiFi PID [99] shutdown in progress...
2023-05-03 01:38:26,208 INFO [main] org.apache.nifi.bootstrap.Command NiFi PID [99] shutdown in progress...
2023-05-03 01:38:28,261 INFO [main] org.apache.nifi.bootstrap.Command NiFi PID [99] shutdown in progress...
2023-05-03 01:38:30,279 INFO [main] org.apache.nifi.bootstrap.Command NiFi PID [99] shutdown in progress...
2023-05-03 11:38:19,072 INFO [main] o.a.n.b.NotificationServiceManager Successfully loaded the following 0 services: []
2023-05-03 11:38:19,083 INFO [main] org.apache.nifi.bootstrap.RunNiFi Registered no Notification Services for Notification Type NIFI_STARTED
2023-05-03 11:38:19,084 INFO [main] org.apache.nifi.bootstrap.RunNiFi Registered no Notification Services for Notification Type NIFI_STOPPED
2023-05-03 11:38:19,085 INFO [main] org.apache.nifi.bootstrap.RunNiFi Registered no Notification Services for Notification Type NIFI_DIED
2023-05-03 11:38:19,176 INFO [main] org.apache.nifi.bootstrap.RunNiFi Runtime Java version: 11.0.18
2023-05-03 11:38:19,205 INFO [main] org.apache.nifi.bootstrap.Command Starting Apache NiFi...
2023-05-03 11:38:19,208 INFO [main] org.apache.nifi.bootstrap.Command Working Directory: /opt/nifi/nifi-current
2023-05-03 11:38:19,209 INFO [main] org.apache.nifi.bootstrap.Command Command: /opt/java/openjdk/bin/java -classpath /opt/nifi/nifi-current/./conf:/opt/nifi/nifi-current/./lib/nifi-stateless-api-1.21.0.jar:/opt/nifi/nifi-current/./lib/nifi-framework-api-1.21.0.jar:/opt/nifi/nifi-current/./lib/jul-to-slf4j-2.0.7.jar:/opt/nifi/nifi-current/./lib/nifi-api-1.21.0.jar:/opt/nifi/nifi-current/./lib/nifi-stateless-bootstrap-1.21.0.jar:/opt/nifi/nifi-current/./lib/nifi-properties-1.21.0.jar:/opt/nifi/nifi-current/./lib/javax.servlet-api-3.1.0.jar:/opt/nifi/nifi-current/./lib/logback-classic-1.3.5.jar:/opt/nifi/nifi-current/./lib/nifi-server-api-1.21.0.jar:/opt/nifi/nifi-current/./lib/nifi-nar-utils-1.21.0.jar:/opt/nifi/nifi-current/./lib/slf4j-api-2.0.7.jar:/opt/nifi/nifi-current/./lib/jcl-over-slf4j-2.0.7.jar:/opt/nifi/nifi-current/./lib/log4j-over-slf4j-2.0.7.jar:/opt/nifi/nifi-current/./lib/logback-core-1.3.5.jar:/opt/nifi/nifi-current/./lib/nifi-runtime-1.21.0.jar:/opt/nifi/nifi-current/./lib/jetty-schemas-5.2.jar:/opt/nifi/nifi-current/./lib/nifi-property-utils-1.21.0.jar:/opt/nifi/nifi-current/./lib/java11/jaxb-runtime-2.3.5.jar:/opt/nifi/nifi-current/./lib/java11/jakarta.activation-api-1.2.2.jar:/opt/nifi/nifi-current/./lib/java11/txw2-2.3.5.jar:/opt/nifi/nifi-current/./lib/java11/jakarta.xml.bind-api-2.3.3.jar:/opt/nifi/nifi-current/./lib/java11/istack-commons-runtime-3.0.12.jar:/opt/nifi/nifi-current/./lib/java11/javax.annotation-api-1.3.2.jar:/opt/nifi/nifi-current/./lib/java11/jakarta.activation-1.2.2.jar -Dorg.apache.jasper.compiler.disablejsr199=true -Xmx512m -Xms512m -Dcurator-log-only-first-connection-issue-as-error-level=true -Djavax.security.auth.useSubjectCredsOnly=true -Djava.security.egd=file:/dev/urandom -Dzookeeper.admin.enableServer=false -Dsun.net.http.allowRestrictedHeaders=true -Djava.net.preferIPv4Stack=true -Djava.awt.headless=true -Djava.protocol.handler.pkgs=sun.net.www.protocol -Dnifi.properties.file.path=/opt/nifi/nifi-current/./conf/nifi.properties -Dnifi.bootstrap.listen.port=33117 -Dapp=NiFi -Dorg.apache.nifi.bootstrap.config.log.dir=/opt/nifi/nifi-current/logs org.apache.nifi.NiFi 
2023-05-03 11:38:19,225 INFO [main] org.apache.nifi.bootstrap.Command Launched Apache NiFi with Process ID 101
2023-05-03 11:38:20,644 INFO [NiFi Bootstrap Command Listener] org.apache.nifi.bootstrap.RunNiFi Apache NiFi now running and listening for Bootstrap requests on port 37047
2023-05-03 11:39:55,567 ERROR [NiFi logging handler] org.apache.nifi.StdErr Loading class `com.mysql.jdbc.Driver'. This is deprecated. The new driver class is `com.mysql.cj.jdbc.Driver'. The driver is automatically registered via the SPI and manual loading of the driver class is generally unnecessary.
2023-05-03 11:42:34,804 ERROR [NiFi logging handler] org.apache.nifi.StdErr WARNING: An illegal reflective access operation has occurred
2023-05-03 11:42:34,807 ERROR [NiFi logging handler] org.apache.nifi.StdErr WARNING: Illegal reflective access by org.springframework.cglib.core.ReflectUtils (file:/opt/nifi/nifi-current/./work/nar/framework/nifi-framework-nar-1.21.0.nar-unpacked/NAR-INF/bundled-dependencies/spring-core-5.3.26.jar) to method java.lang.ClassLoader.defineClass(java.lang.String,byte[],int,int,java.security.ProtectionDomain)
2023-05-03 11:42:34,824 ERROR [NiFi logging handler] org.apache.nifi.StdErr WARNING: Please consider reporting this to the maintainers of org.springframework.cglib.core.ReflectUtils
2023-05-03 11:42:34,827 ERROR [NiFi logging handler] org.apache.nifi.StdErr WARNING: Use --illegal-access=warn to enable warnings of further illegal reflective access operations
2023-05-03 11:42:34,829 ERROR [NiFi logging handler] org.apache.nifi.StdErr WARNING: All illegal access operations will be denied in a future release
2023-05-03 16:53:58,414 INFO [main] o.a.n.b.NotificationServiceManager Successfully loaded the following 0 services: []
2023-05-03 16:53:58,444 INFO [main] org.apache.nifi.bootstrap.RunNiFi Registered no Notification Services for Notification Type NIFI_STARTED
2023-05-03 16:53:58,446 INFO [main] org.apache.nifi.bootstrap.RunNiFi Registered no Notification Services for Notification Type NIFI_STOPPED
2023-05-03 16:53:58,448 INFO [main] org.apache.nifi.bootstrap.RunNiFi Registered no Notification Services for Notification Type NIFI_DIED
2023-05-03 16:53:58,620 INFO [main] org.apache.nifi.bootstrap.Command Apache NiFi has accepted the Shutdown Command and is shutting down now
2023-05-03 16:53:58,948 INFO [main] org.apache.nifi.bootstrap.Command NiFi PID [101] shutdown in progress...
2023-05-03 16:54:00,989 INFO [main] org.apache.nifi.bootstrap.Command NiFi PID [101] shutdown in progress...
2023-05-03 16:54:03,036 INFO [main] org.apache.nifi.bootstrap.Command NiFi PID [101] shutdown in progress...
2023-05-03 17:26:35,639 INFO [main] o.a.n.b.NotificationServiceManager Successfully loaded the following 0 services: []
2023-05-03 17:26:35,651 INFO [main] org.apache.nifi.bootstrap.RunNiFi Registered no Notification Services for Notification Type NIFI_STARTED
2023-05-03 17:26:35,653 INFO [main] org.apache.nifi.bootstrap.RunNiFi Registered no Notification Services for Notification Type NIFI_STOPPED
2023-05-03 17:26:35,654 INFO [main] org.apache.nifi.bootstrap.RunNiFi Registered no Notification Services for Notification Type NIFI_DIED
2023-05-03 17:26:35,667 INFO [main] org.apache.nifi.bootstrap.RunNiFi Runtime Java version: 11.0.18
2023-05-03 17:26:35,710 INFO [main] org.apache.nifi.bootstrap.Command Starting Apache NiFi...
2023-05-03 17:26:35,712 INFO [main] org.apache.nifi.bootstrap.Command Working Directory: /opt/nifi/nifi-current
2023-05-03 17:26:35,713 INFO [main] org.apache.nifi.bootstrap.Command Command: /opt/java/openjdk/bin/java -classpath /opt/nifi/nifi-current/./conf:/opt/nifi/nifi-current/./lib/nifi-stateless-api-1.21.0.jar:/opt/nifi/nifi-current/./lib/nifi-framework-api-1.21.0.jar:/opt/nifi/nifi-current/./lib/jul-to-slf4j-2.0.7.jar:/opt/nifi/nifi-current/./lib/nifi-api-1.21.0.jar:/opt/nifi/nifi-current/./lib/nifi-stateless-bootstrap-1.21.0.jar:/opt/nifi/nifi-current/./lib/nifi-properties-1.21.0.jar:/opt/nifi/nifi-current/./lib/javax.servlet-api-3.1.0.jar:/opt/nifi/nifi-current/./lib/logback-classic-1.3.5.jar:/opt/nifi/nifi-current/./lib/nifi-server-api-1.21.0.jar:/opt/nifi/nifi-current/./lib/nifi-nar-utils-1.21.0.jar:/opt/nifi/nifi-current/./lib/slf4j-api-2.0.7.jar:/opt/nifi/nifi-current/./lib/jcl-over-slf4j-2.0.7.jar:/opt/nifi/nifi-current/./lib/log4j-over-slf4j-2.0.7.jar:/opt/nifi/nifi-current/./lib/logback-core-1.3.5.jar:/opt/nifi/nifi-current/./lib/nifi-runtime-1.21.0.jar:/opt/nifi/nifi-current/./lib/jetty-schemas-5.2.jar:/opt/nifi/nifi-current/./lib/nifi-property-utils-1.21.0.jar:/opt/nifi/nifi-current/./lib/java11/jaxb-runtime-2.3.5.jar:/opt/nifi/nifi-current/./lib/java11/jakarta.activation-api-1.2.2.jar:/opt/nifi/nifi-current/./lib/java11/txw2-2.3.5.jar:/opt/nifi/nifi-current/./lib/java11/jakarta.xml.bind-api-2.3.3.jar:/opt/nifi/nifi-current/./lib/java11/istack-commons-runtime-3.0.12.jar:/opt/nifi/nifi-current/./lib/java11/javax.annotation-api-1.3.2.jar:/opt/nifi/nifi-current/./lib/java11/jakarta.activation-1.2.2.jar -Dorg.apache.jasper.compiler.disablejsr199=true -Xmx512m -Xms512m -Dcurator-log-only-first-connection-issue-as-error-level=true -Djavax.security.auth.useSubjectCredsOnly=true -Djava.security.egd=file:/dev/urandom -Dzookeeper.admin.enableServer=false -Dsun.net.http.allowRestrictedHeaders=true -Djava.net.preferIPv4Stack=true -Djava.awt.headless=true -Djava.protocol.handler.pkgs=sun.net.www.protocol -Dnifi.properties.file.path=/opt/nifi/nifi-current/./conf/nifi.properties -Dnifi.bootstrap.listen.port=35099 -Dapp=NiFi -Dorg.apache.nifi.bootstrap.config.log.dir=/opt/nifi/nifi-current/logs org.apache.nifi.NiFi 
2023-05-03 17:26:35,758 INFO [main] org.apache.nifi.bootstrap.Command Launched Apache NiFi with Process ID 99
2023-05-03 17:26:37,871 INFO [NiFi Bootstrap Command Listener] org.apache.nifi.bootstrap.RunNiFi Apache NiFi now running and listening for Bootstrap requests on port 46845
2023-05-03 17:28:17,909 ERROR [NiFi logging handler] org.apache.nifi.StdErr Warning: Nashorn engine is planned to be removed from a future JDK release
2023-05-03 17:28:20,730 ERROR [NiFi logging handler] org.apache.nifi.StdErr Warning: Nashorn engine is planned to be removed from a future JDK release
2023-05-03 17:28:20,822 ERROR [NiFi logging handler] org.apache.nifi.StdErr Warning: Nashorn engine is planned to be removed from a future JDK release
2023-05-03 17:28:20,852 ERROR [NiFi logging handler] org.apache.nifi.StdErr Warning: Nashorn engine is planned to be removed from a future JDK release
2023-05-03 17:28:20,867 ERROR [NiFi logging handler] org.apache.nifi.StdErr Warning: Nashorn engine is planned to be removed from a future JDK release
2023-05-03 17:28:20,945 ERROR [NiFi logging handler] org.apache.nifi.StdErr Warning: Nashorn engine is planned to be removed from a future JDK release
2023-05-03 17:28:21,045 ERROR [NiFi logging handler] org.apache.nifi.StdErr Warning: Nashorn engine is planned to be removed from a future JDK release
2023-05-03 17:28:21,116 ERROR [NiFi logging handler] org.apache.nifi.StdErr Warning: Nashorn engine is planned to be removed from a future JDK release
2023-05-03 17:28:23,081 ERROR [NiFi logging handler] org.apache.nifi.StdErr Warning: Nashorn engine is planned to be removed from a future JDK release
2023-05-03 17:29:13,300 ERROR [NiFi logging handler] org.apache.nifi.StdErr Loading class `com.mysql.jdbc.Driver'. This is deprecated. The new driver class is `com.mysql.cj.jdbc.Driver'. The driver is automatically registered via the SPI and manual loading of the driver class is generally unnecessary.
2023-05-03 17:29:31,945 ERROR [NiFi logging handler] org.apache.nifi.StdErr WARNING: An illegal reflective access operation has occurred
2023-05-03 17:29:31,947 ERROR [NiFi logging handler] org.apache.nifi.StdErr WARNING: Illegal reflective access by org.springframework.cglib.core.ReflectUtils (file:/opt/nifi/nifi-current/./work/nar/framework/nifi-framework-nar-1.21.0.nar-unpacked/NAR-INF/bundled-dependencies/spring-core-5.3.26.jar) to method java.lang.ClassLoader.defineClass(java.lang.String,byte[],int,int,java.security.ProtectionDomain)
2023-05-03 17:29:31,949 ERROR [NiFi logging handler] org.apache.nifi.StdErr WARNING: Please consider reporting this to the maintainers of org.springframework.cglib.core.ReflectUtils
2023-05-03 17:29:31,953 ERROR [NiFi logging handler] org.apache.nifi.StdErr WARNING: Use --illegal-access=warn to enable warnings of further illegal reflective access operations
2023-05-03 17:29:31,956 ERROR [NiFi logging handler] org.apache.nifi.StdErr WARNING: All illegal access operations will be denied in a future release
2023-05-03 18:08:52,121 INFO [main] o.a.n.b.NotificationServiceManager Successfully loaded the following 0 services: []
2023-05-03 18:08:52,135 INFO [main] org.apache.nifi.bootstrap.RunNiFi Registered no Notification Services for Notification Type NIFI_STARTED
2023-05-03 18:08:52,137 INFO [main] org.apache.nifi.bootstrap.RunNiFi Registered no Notification Services for Notification Type NIFI_STOPPED
2023-05-03 18:08:52,139 INFO [main] org.apache.nifi.bootstrap.RunNiFi Registered no Notification Services for Notification Type NIFI_DIED
2023-05-03 18:08:52,245 INFO [main] org.apache.nifi.bootstrap.Command Apache NiFi has accepted the Shutdown Command and is shutting down now
2023-05-03 18:08:52,290 INFO [main] org.apache.nifi.bootstrap.Command NiFi PID [99] shutdown in progress...
2023-05-03 18:08:54,322 INFO [main] org.apache.nifi.bootstrap.Command NiFi PID [99] shutdown in progress...
2023-05-03 18:08:56,359 INFO [main] org.apache.nifi.bootstrap.Command NiFi PID [99] shutdown in progress...
2023-05-03 18:08:58,401 INFO [main] org.apache.nifi.bootstrap.Command NiFi PID [99] shutdown in progress...
2023-05-03 18:11:07,028 INFO [main] o.a.n.b.NotificationServiceManager Successfully loaded the following 0 services: []
2023-05-03 18:11:07,043 INFO [main] org.apache.nifi.bootstrap.RunNiFi Registered no Notification Services for Notification Type NIFI_STARTED
2023-05-03 18:11:07,044 INFO [main] org.apache.nifi.bootstrap.RunNiFi Registered no Notification Services for Notification Type NIFI_STOPPED
2023-05-03 18:11:07,045 INFO [main] org.apache.nifi.bootstrap.RunNiFi Registered no Notification Services for Notification Type NIFI_DIED
2023-05-03 18:11:07,060 INFO [main] org.apache.nifi.bootstrap.RunNiFi Runtime Java version: 11.0.18
2023-05-03 18:11:07,102 INFO [main] org.apache.nifi.bootstrap.Command Starting Apache NiFi...
2023-05-03 18:11:07,104 INFO [main] org.apache.nifi.bootstrap.Command Working Directory: /opt/nifi/nifi-current
2023-05-03 18:11:07,105 INFO [main] org.apache.nifi.bootstrap.Command Command: /opt/java/openjdk/bin/java -classpath /opt/nifi/nifi-current/./conf:/opt/nifi/nifi-current/./lib/nifi-stateless-api-1.21.0.jar:/opt/nifi/nifi-current/./lib/nifi-framework-api-1.21.0.jar:/opt/nifi/nifi-current/./lib/jul-to-slf4j-2.0.7.jar:/opt/nifi/nifi-current/./lib/nifi-api-1.21.0.jar:/opt/nifi/nifi-current/./lib/nifi-stateless-bootstrap-1.21.0.jar:/opt/nifi/nifi-current/./lib/nifi-properties-1.21.0.jar:/opt/nifi/nifi-current/./lib/javax.servlet-api-3.1.0.jar:/opt/nifi/nifi-current/./lib/logback-classic-1.3.5.jar:/opt/nifi/nifi-current/./lib/nifi-server-api-1.21.0.jar:/opt/nifi/nifi-current/./lib/nifi-nar-utils-1.21.0.jar:/opt/nifi/nifi-current/./lib/slf4j-api-2.0.7.jar:/opt/nifi/nifi-current/./lib/jcl-over-slf4j-2.0.7.jar:/opt/nifi/nifi-current/./lib/log4j-over-slf4j-2.0.7.jar:/opt/nifi/nifi-current/./lib/logback-core-1.3.5.jar:/opt/nifi/nifi-current/./lib/nifi-runtime-1.21.0.jar:/opt/nifi/nifi-current/./lib/jetty-schemas-5.2.jar:/opt/nifi/nifi-current/./lib/nifi-property-utils-1.21.0.jar:/opt/nifi/nifi-current/./lib/java11/jaxb-runtime-2.3.5.jar:/opt/nifi/nifi-current/./lib/java11/jakarta.activation-api-1.2.2.jar:/opt/nifi/nifi-current/./lib/java11/txw2-2.3.5.jar:/opt/nifi/nifi-current/./lib/java11/jakarta.xml.bind-api-2.3.3.jar:/opt/nifi/nifi-current/./lib/java11/istack-commons-runtime-3.0.12.jar:/opt/nifi/nifi-current/./lib/java11/javax.annotation-api-1.3.2.jar:/opt/nifi/nifi-current/./lib/java11/jakarta.activation-1.2.2.jar -Dorg.apache.jasper.compiler.disablejsr199=true -Xmx512m -Xms512m -Dcurator-log-only-first-connection-issue-as-error-level=true -Djavax.security.auth.useSubjectCredsOnly=true -Djava.security.egd=file:/dev/urandom -Dzookeeper.admin.enableServer=false -Dsun.net.http.allowRestrictedHeaders=true -Djava.net.preferIPv4Stack=true -Djava.awt.headless=true -Djava.protocol.handler.pkgs=sun.net.www.protocol -Dnifi.properties.file.path=/opt/nifi/nifi-current/./conf/nifi.properties -Dnifi.bootstrap.listen.port=34333 -Dapp=NiFi -Dorg.apache.nifi.bootstrap.config.log.dir=/opt/nifi/nifi-current/logs org.apache.nifi.NiFi 
2023-05-03 18:11:07,138 INFO [main] org.apache.nifi.bootstrap.Command Launched Apache NiFi with Process ID 98
2023-05-03 18:11:08,448 INFO [NiFi Bootstrap Command Listener] org.apache.nifi.bootstrap.RunNiFi Apache NiFi now running and listening for Bootstrap requests on port 41199
2023-05-03 18:12:16,905 ERROR [NiFi logging handler] org.apache.nifi.StdErr Warning: Nashorn engine is planned to be removed from a future JDK release
2023-05-03 18:12:30,705 ERROR [NiFi logging handler] org.apache.nifi.StdErr Warning: Nashorn engine is planned to be removed from a future JDK release
2023-05-03 18:12:31,055 ERROR [NiFi logging handler] org.apache.nifi.StdErr Warning: Nashorn engine is planned to be removed from a future JDK release
2023-05-03 18:12:31,067 ERROR [NiFi logging handler] org.apache.nifi.StdErr Warning: Nashorn engine is planned to be removed from a future JDK release
2023-05-03 18:12:31,079 ERROR [NiFi logging handler] org.apache.nifi.StdErr Warning: Nashorn engine is planned to be removed from a future JDK release
2023-05-03 18:12:31,112 ERROR [NiFi logging handler] org.apache.nifi.StdErr Warning: Nashorn engine is planned to be removed from a future JDK release
2023-05-03 18:12:31,125 ERROR [NiFi logging handler] org.apache.nifi.StdErr Warning: Nashorn engine is planned to be removed from a future JDK release
2023-05-03 18:12:31,378 ERROR [NiFi logging handler] org.apache.nifi.StdErr Warning: Nashorn engine is planned to be removed from a future JDK release
2023-05-03 18:12:31,398 ERROR [NiFi logging handler] org.apache.nifi.StdErr Warning: Nashorn engine is planned to be removed from a future JDK release
2023-05-03 18:13:16,747 ERROR [NiFi logging handler] org.apache.nifi.StdErr Loading class `com.mysql.jdbc.Driver'. This is deprecated. The new driver class is `com.mysql.cj.jdbc.Driver'. The driver is automatically registered via the SPI and manual loading of the driver class is generally unnecessary.
2023-05-03 18:14:30,708 ERROR [NiFi logging handler] org.apache.nifi.StdErr WARNING: An illegal reflective access operation has occurred
2023-05-03 18:14:30,714 ERROR [NiFi logging handler] org.apache.nifi.StdErr WARNING: Illegal reflective access by org.springframework.cglib.core.ReflectUtils (file:/opt/nifi/nifi-current/./work/nar/framework/nifi-framework-nar-1.21.0.nar-unpacked/NAR-INF/bundled-dependencies/spring-core-5.3.26.jar) to method java.lang.ClassLoader.defineClass(java.lang.String,byte[],int,int,java.security.ProtectionDomain)
2023-05-03 18:14:30,716 ERROR [NiFi logging handler] org.apache.nifi.StdErr WARNING: Please consider reporting this to the maintainers of org.springframework.cglib.core.ReflectUtils
2023-05-03 18:14:30,717 ERROR [NiFi logging handler] org.apache.nifi.StdErr WARNING: Use --illegal-access=warn to enable warnings of further illegal reflective access operations
2023-05-03 18:14:30,720 ERROR [NiFi logging handler] org.apache.nifi.StdErr WARNING: All illegal access operations will be denied in a future release
2023-05-03 18:14:59,162 INFO [main] o.a.n.b.NotificationServiceManager Successfully loaded the following 0 services: []
2023-05-03 18:14:59,173 INFO [main] org.apache.nifi.bootstrap.RunNiFi Registered no Notification Services for Notification Type NIFI_STARTED
2023-05-03 18:14:59,174 INFO [main] org.apache.nifi.bootstrap.RunNiFi Registered no Notification Services for Notification Type NIFI_STOPPED
2023-05-03 18:14:59,175 INFO [main] org.apache.nifi.bootstrap.RunNiFi Registered no Notification Services for Notification Type NIFI_DIED
2023-05-03 18:14:59,223 INFO [main] org.apache.nifi.bootstrap.Command Apache NiFi has accepted the Shutdown Command and is shutting down now
2023-05-03 18:14:59,271 INFO [main] org.apache.nifi.bootstrap.Command NiFi PID [98] shutdown in progress...
2023-05-03 18:15:01,279 INFO [main] org.apache.nifi.bootstrap.Command NiFi PID [98] shutdown in progress...
2023-05-03 18:15:03,290 INFO [main] org.apache.nifi.bootstrap.Command NiFi PID [98] shutdown in progress...
2023-05-03 18:15:05,301 INFO [main] org.apache.nifi.bootstrap.Command NiFi PID [98] shutdown completed
2023-05-03 18:15:05,562 INFO [main] org.apache.nifi.bootstrap.RunNiFi Status File no longer exists. Will not restart NiFi
