2023-04-30 11:16:51,813 INFO [main] o.a.n.b.NotificationServiceManager Successfully loaded the following 0 services: []
2023-04-30 11:16:51,834 INFO [main] org.apache.nifi.bootstrap.RunNiFi Registered no Notification Services for Notification Type NIFI_STARTED
2023-04-30 11:16:51,836 INFO [main] org.apache.nifi.bootstrap.RunNiFi Registered no Notification Services for Notification Type NIFI_STOPPED
2023-04-30 11:16:51,837 INFO [main] org.apache.nifi.bootstrap.RunNiFi Registered no Notification Services for Notification Type NIFI_DIED
2023-04-30 11:16:51,851 INFO [main] org.apache.nifi.bootstrap.RunNiFi Runtime Java version: 11.0.18
2023-04-30 11:16:51,891 INFO [main] org.apache.nifi.bootstrap.Command Starting Apache NiFi...
2023-04-30 11:16:51,893 INFO [main] org.apache.nifi.bootstrap.Command Working Directory: /opt/nifi/nifi-current
2023-04-30 11:16:51,894 INFO [main] org.apache.nifi.bootstrap.Command Command: /opt/java/openjdk/bin/java -classpath /opt/nifi/nifi-current/./conf:/opt/nifi/nifi-current/./lib/nifi-stateless-api-1.21.0.jar:/opt/nifi/nifi-current/./lib/nifi-framework-api-1.21.0.jar:/opt/nifi/nifi-current/./lib/jul-to-slf4j-2.0.7.jar:/opt/nifi/nifi-current/./lib/nifi-api-1.21.0.jar:/opt/nifi/nifi-current/./lib/nifi-stateless-bootstrap-1.21.0.jar:/opt/nifi/nifi-current/./lib/nifi-properties-1.21.0.jar:/opt/nifi/nifi-current/./lib/javax.servlet-api-3.1.0.jar:/opt/nifi/nifi-current/./lib/logback-classic-1.3.5.jar:/opt/nifi/nifi-current/./lib/nifi-server-api-1.21.0.jar:/opt/nifi/nifi-current/./lib/nifi-nar-utils-1.21.0.jar:/opt/nifi/nifi-current/./lib/slf4j-api-2.0.7.jar:/opt/nifi/nifi-current/./lib/jcl-over-slf4j-2.0.7.jar:/opt/nifi/nifi-current/./lib/log4j-over-slf4j-2.0.7.jar:/opt/nifi/nifi-current/./lib/logback-core-1.3.5.jar:/opt/nifi/nifi-current/./lib/nifi-runtime-1.21.0.jar:/opt/nifi/nifi-current/./lib/jetty-schemas-5.2.jar:/opt/nifi/nifi-current/./lib/nifi-property-utils-1.21.0.jar:/opt/nifi/nifi-current/./lib/java11/jaxb-runtime-2.3.5.jar:/opt/nifi/nifi-current/./lib/java11/jakarta.activation-api-1.2.2.jar:/opt/nifi/nifi-current/./lib/java11/txw2-2.3.5.jar:/opt/nifi/nifi-current/./lib/java11/jakarta.xml.bind-api-2.3.3.jar:/opt/nifi/nifi-current/./lib/java11/istack-commons-runtime-3.0.12.jar:/opt/nifi/nifi-current/./lib/java11/javax.annotation-api-1.3.2.jar:/opt/nifi/nifi-current/./lib/java11/jakarta.activation-1.2.2.jar -Dorg.apache.jasper.compiler.disablejsr199=true -Xmx512m -Xms512m -Dcurator-log-only-first-connection-issue-as-error-level=true -Djavax.security.auth.useSubjectCredsOnly=true -Djava.security.egd=file:/dev/urandom -Dzookeeper.admin.enableServer=false -Dsun.net.http.allowRestrictedHeaders=true -Djava.net.preferIPv4Stack=true -Djava.awt.headless=true -Djava.protocol.handler.pkgs=sun.net.www.protocol -Dnifi.properties.file.path=/opt/nifi/nifi-current/./conf/nifi.properties -Dnifi.bootstrap.listen.port=34907 -Dapp=NiFi -Dorg.apache.nifi.bootstrap.config.log.dir=/opt/nifi/nifi-current/logs org.apache.nifi.NiFi 
2023-04-30 11:16:51,925 INFO [main] org.apache.nifi.bootstrap.Command Launched Apache NiFi with Process ID 98
2023-04-30 11:16:53,342 INFO [NiFi Bootstrap Command Listener] org.apache.nifi.bootstrap.RunNiFi Apache NiFi now running and listening for Bootstrap requests on port 36601
2023-04-30 11:20:32,572 ERROR [NiFi logging handler] org.apache.nifi.StdErr WARNING: An illegal reflective access operation has occurred
2023-04-30 11:20:32,582 ERROR [NiFi logging handler] org.apache.nifi.StdErr WARNING: Illegal reflective access by org.springframework.cglib.core.ReflectUtils (file:/opt/nifi/nifi-current/./work/nar/framework/nifi-framework-nar-1.21.0.nar-unpacked/NAR-INF/bundled-dependencies/spring-core-5.3.26.jar) to method java.lang.ClassLoader.defineClass(java.lang.String,byte[],int,int,java.security.ProtectionDomain)
2023-04-30 11:20:32,583 ERROR [NiFi logging handler] org.apache.nifi.StdErr WARNING: Please consider reporting this to the maintainers of org.springframework.cglib.core.ReflectUtils
2023-04-30 11:20:32,585 ERROR [NiFi logging handler] org.apache.nifi.StdErr WARNING: Use --illegal-access=warn to enable warnings of further illegal reflective access operations
2023-04-30 11:20:32,588 ERROR [NiFi logging handler] org.apache.nifi.StdErr WARNING: All illegal access operations will be denied in a future release
2023-04-30 12:34:34,828 INFO [main] o.a.n.b.NotificationServiceManager Successfully loaded the following 0 services: []
2023-04-30 12:34:34,841 INFO [main] org.apache.nifi.bootstrap.RunNiFi Registered no Notification Services for Notification Type NIFI_STARTED
2023-04-30 12:34:34,842 INFO [main] org.apache.nifi.bootstrap.RunNiFi Registered no Notification Services for Notification Type NIFI_STOPPED
2023-04-30 12:34:34,844 INFO [main] org.apache.nifi.bootstrap.RunNiFi Registered no Notification Services for Notification Type NIFI_DIED
2023-04-30 12:34:34,938 INFO [main] org.apache.nifi.bootstrap.Command Apache NiFi has accepted the Shutdown Command and is shutting down now
2023-04-30 12:34:35,010 INFO [main] org.apache.nifi.bootstrap.Command NiFi PID [98] shutdown in progress...
2023-04-30 12:34:37,016 INFO [main] org.apache.nifi.bootstrap.Command NiFi PID [98] shutdown in progress...
2023-04-30 12:34:39,023 INFO [main] org.apache.nifi.bootstrap.Command NiFi PID [98] shutdown in progress...
2023-04-30 12:34:41,032 INFO [main] org.apache.nifi.bootstrap.Command NiFi PID [98] shutdown in progress...
2023-04-30 12:34:42,182 INFO [main] org.apache.nifi.bootstrap.RunNiFi A shutdown was initiated. Will not restart NiFi
2023-04-30 17:56:24,450 INFO [main] o.a.n.b.NotificationServiceManager Successfully loaded the following 0 services: []
2023-04-30 17:56:24,460 INFO [main] org.apache.nifi.bootstrap.RunNiFi Registered no Notification Services for Notification Type NIFI_STARTED
2023-04-30 17:56:24,461 INFO [main] org.apache.nifi.bootstrap.RunNiFi Registered no Notification Services for Notification Type NIFI_STOPPED
2023-04-30 17:56:24,462 INFO [main] org.apache.nifi.bootstrap.RunNiFi Registered no Notification Services for Notification Type NIFI_DIED
2023-04-30 17:56:24,495 INFO [main] org.apache.nifi.bootstrap.Command Apache NiFi is already running, listening to Bootstrap on port 36601
2023-04-30 17:57:42,276 INFO [main] o.a.n.b.NotificationServiceManager Successfully loaded the following 0 services: []
2023-04-30 17:57:42,286 INFO [main] org.apache.nifi.bootstrap.RunNiFi Registered no Notification Services for Notification Type NIFI_STARTED
2023-04-30 17:57:42,287 INFO [main] org.apache.nifi.bootstrap.RunNiFi Registered no Notification Services for Notification Type NIFI_STOPPED
2023-04-30 17:57:42,288 INFO [main] org.apache.nifi.bootstrap.RunNiFi Registered no Notification Services for Notification Type NIFI_DIED
2023-04-30 17:57:42,338 INFO [main] org.apache.nifi.bootstrap.RunNiFi Runtime Java version: 11.0.18
2023-04-30 17:57:42,367 INFO [main] org.apache.nifi.bootstrap.Command Starting Apache NiFi...
2023-04-30 17:57:42,369 INFO [main] org.apache.nifi.bootstrap.Command Working Directory: /opt/nifi/nifi-current
2023-04-30 17:57:42,371 INFO [main] org.apache.nifi.bootstrap.Command Command: /opt/java/openjdk/bin/java -classpath /opt/nifi/nifi-current/./conf:/opt/nifi/nifi-current/./lib/nifi-stateless-api-1.21.0.jar:/opt/nifi/nifi-current/./lib/nifi-framework-api-1.21.0.jar:/opt/nifi/nifi-current/./lib/jul-to-slf4j-2.0.7.jar:/opt/nifi/nifi-current/./lib/nifi-api-1.21.0.jar:/opt/nifi/nifi-current/./lib/nifi-stateless-bootstrap-1.21.0.jar:/opt/nifi/nifi-current/./lib/nifi-properties-1.21.0.jar:/opt/nifi/nifi-current/./lib/javax.servlet-api-3.1.0.jar:/opt/nifi/nifi-current/./lib/logback-classic-1.3.5.jar:/opt/nifi/nifi-current/./lib/nifi-server-api-1.21.0.jar:/opt/nifi/nifi-current/./lib/nifi-nar-utils-1.21.0.jar:/opt/nifi/nifi-current/./lib/slf4j-api-2.0.7.jar:/opt/nifi/nifi-current/./lib/jcl-over-slf4j-2.0.7.jar:/opt/nifi/nifi-current/./lib/log4j-over-slf4j-2.0.7.jar:/opt/nifi/nifi-current/./lib/logback-core-1.3.5.jar:/opt/nifi/nifi-current/./lib/nifi-runtime-1.21.0.jar:/opt/nifi/nifi-current/./lib/jetty-schemas-5.2.jar:/opt/nifi/nifi-current/./lib/nifi-property-utils-1.21.0.jar:/opt/nifi/nifi-current/./lib/java11/jaxb-runtime-2.3.5.jar:/opt/nifi/nifi-current/./lib/java11/jakarta.activation-api-1.2.2.jar:/opt/nifi/nifi-current/./lib/java11/txw2-2.3.5.jar:/opt/nifi/nifi-current/./lib/java11/jakarta.xml.bind-api-2.3.3.jar:/opt/nifi/nifi-current/./lib/java11/istack-commons-runtime-3.0.12.jar:/opt/nifi/nifi-current/./lib/java11/javax.annotation-api-1.3.2.jar:/opt/nifi/nifi-current/./lib/java11/jakarta.activation-1.2.2.jar -Dorg.apache.jasper.compiler.disablejsr199=true -Xmx512m -Xms512m -Dcurator-log-only-first-connection-issue-as-error-level=true -Djavax.security.auth.useSubjectCredsOnly=true -Djava.security.egd=file:/dev/urandom -Dzookeeper.admin.enableServer=false -Dsun.net.http.allowRestrictedHeaders=true -Djava.net.preferIPv4Stack=true -Djava.awt.headless=true -Djava.protocol.handler.pkgs=sun.net.www.protocol -Dnifi.properties.file.path=/opt/nifi/nifi-current/./conf/nifi.properties -Dnifi.bootstrap.listen.port=41613 -Dapp=NiFi -Dorg.apache.nifi.bootstrap.config.log.dir=/opt/nifi/nifi-current/logs org.apache.nifi.NiFi 
2023-04-30 17:57:42,391 INFO [main] org.apache.nifi.bootstrap.Command Launched Apache NiFi with Process ID 102
2023-04-30 17:57:43,820 INFO [NiFi Bootstrap Command Listener] org.apache.nifi.bootstrap.RunNiFi Apache NiFi now running and listening for Bootstrap requests on port 35193
2023-04-30 18:01:31,423 INFO [main] o.a.n.b.NotificationServiceManager Successfully loaded the following 0 services: []
2023-04-30 18:01:31,436 INFO [main] org.apache.nifi.bootstrap.RunNiFi Registered no Notification Services for Notification Type NIFI_STARTED
2023-04-30 18:01:31,437 INFO [main] org.apache.nifi.bootstrap.RunNiFi Registered no Notification Services for Notification Type NIFI_STOPPED
2023-04-30 18:01:31,439 INFO [main] org.apache.nifi.bootstrap.RunNiFi Registered no Notification Services for Notification Type NIFI_DIED
2023-04-30 18:01:31,466 INFO [main] org.apache.nifi.bootstrap.Command Apache NiFi has accepted the Shutdown Command and is shutting down now
2023-04-30 18:01:31,496 INFO [main] org.apache.nifi.bootstrap.Command NiFi PID [102] shutdown in progress...
2023-04-30 18:01:33,503 INFO [main] org.apache.nifi.bootstrap.Command NiFi PID [102] shutdown in progress...
2023-04-30 18:01:35,510 INFO [main] org.apache.nifi.bootstrap.Command NiFi PID [102] shutdown completed
2023-04-30 18:01:35,520 INFO [main] org.apache.nifi.bootstrap.RunNiFi Status File no longer exists. Will not restart NiFi
2023-04-30 18:02:03,753 INFO [main] o.a.n.b.NotificationServiceManager Successfully loaded the following 0 services: []
2023-04-30 18:02:03,764 INFO [main] org.apache.nifi.bootstrap.RunNiFi Registered no Notification Services for Notification Type NIFI_STARTED
2023-04-30 18:02:03,765 INFO [main] org.apache.nifi.bootstrap.RunNiFi Registered no Notification Services for Notification Type NIFI_STOPPED
2023-04-30 18:02:03,766 INFO [main] org.apache.nifi.bootstrap.RunNiFi Registered no Notification Services for Notification Type NIFI_DIED
2023-04-30 18:02:03,776 INFO [main] org.apache.nifi.bootstrap.RunNiFi Runtime Java version: 11.0.18
2023-04-30 18:02:03,810 INFO [main] org.apache.nifi.bootstrap.Command Starting Apache NiFi...
2023-04-30 18:02:03,812 INFO [main] org.apache.nifi.bootstrap.Command Working Directory: /opt/nifi/nifi-current
2023-04-30 18:02:03,813 INFO [main] org.apache.nifi.bootstrap.Command Command: /opt/java/openjdk/bin/java -classpath /opt/nifi/nifi-current/./conf:/opt/nifi/nifi-current/./lib/nifi-stateless-api-1.21.0.jar:/opt/nifi/nifi-current/./lib/nifi-framework-api-1.21.0.jar:/opt/nifi/nifi-current/./lib/jul-to-slf4j-2.0.7.jar:/opt/nifi/nifi-current/./lib/nifi-api-1.21.0.jar:/opt/nifi/nifi-current/./lib/nifi-stateless-bootstrap-1.21.0.jar:/opt/nifi/nifi-current/./lib/nifi-properties-1.21.0.jar:/opt/nifi/nifi-current/./lib/javax.servlet-api-3.1.0.jar:/opt/nifi/nifi-current/./lib/logback-classic-1.3.5.jar:/opt/nifi/nifi-current/./lib/nifi-server-api-1.21.0.jar:/opt/nifi/nifi-current/./lib/nifi-nar-utils-1.21.0.jar:/opt/nifi/nifi-current/./lib/slf4j-api-2.0.7.jar:/opt/nifi/nifi-current/./lib/jcl-over-slf4j-2.0.7.jar:/opt/nifi/nifi-current/./lib/log4j-over-slf4j-2.0.7.jar:/opt/nifi/nifi-current/./lib/logback-core-1.3.5.jar:/opt/nifi/nifi-current/./lib/nifi-runtime-1.21.0.jar:/opt/nifi/nifi-current/./lib/jetty-schemas-5.2.jar:/opt/nifi/nifi-current/./lib/nifi-property-utils-1.21.0.jar:/opt/nifi/nifi-current/./lib/java11/jaxb-runtime-2.3.5.jar:/opt/nifi/nifi-current/./lib/java11/jakarta.activation-api-1.2.2.jar:/opt/nifi/nifi-current/./lib/java11/txw2-2.3.5.jar:/opt/nifi/nifi-current/./lib/java11/jakarta.xml.bind-api-2.3.3.jar:/opt/nifi/nifi-current/./lib/java11/istack-commons-runtime-3.0.12.jar:/opt/nifi/nifi-current/./lib/java11/javax.annotation-api-1.3.2.jar:/opt/nifi/nifi-current/./lib/java11/jakarta.activation-1.2.2.jar -Dorg.apache.jasper.compiler.disablejsr199=true -Xmx512m -Xms512m -Dcurator-log-only-first-connection-issue-as-error-level=true -Djavax.security.auth.useSubjectCredsOnly=true -Djava.security.egd=file:/dev/urandom -Dzookeeper.admin.enableServer=false -Dsun.net.http.allowRestrictedHeaders=true -Djava.net.preferIPv4Stack=true -Djava.awt.headless=true -Djava.protocol.handler.pkgs=sun.net.www.protocol -Dnifi.properties.file.path=/opt/nifi/nifi-current/./conf/nifi.properties -Dnifi.bootstrap.listen.port=44085 -Dapp=NiFi -Dorg.apache.nifi.bootstrap.config.log.dir=/opt/nifi/nifi-current/logs org.apache.nifi.NiFi 
2023-04-30 18:02:03,846 INFO [main] org.apache.nifi.bootstrap.Command Launched Apache NiFi with Process ID 98
2023-04-30 18:02:05,043 INFO [NiFi Bootstrap Command Listener] org.apache.nifi.bootstrap.RunNiFi Apache NiFi now running and listening for Bootstrap requests on port 33157
2023-04-30 18:03:38,399 ERROR [NiFi logging handler] org.apache.nifi.StdErr WARNING: An illegal reflective access operation has occurred
2023-04-30 18:03:38,401 ERROR [NiFi logging handler] org.apache.nifi.StdErr WARNING: Illegal reflective access by org.springframework.cglib.core.ReflectUtils (file:/opt/nifi/nifi-current/./work/nar/framework/nifi-framework-nar-1.21.0.nar-unpacked/NAR-INF/bundled-dependencies/spring-core-5.3.26.jar) to method java.lang.ClassLoader.defineClass(java.lang.String,byte[],int,int,java.security.ProtectionDomain)
2023-04-30 18:03:38,403 ERROR [NiFi logging handler] org.apache.nifi.StdErr WARNING: Please consider reporting this to the maintainers of org.springframework.cglib.core.ReflectUtils
2023-04-30 18:03:38,404 ERROR [NiFi logging handler] org.apache.nifi.StdErr WARNING: Use --illegal-access=warn to enable warnings of further illegal reflective access operations
2023-04-30 18:03:38,405 ERROR [NiFi logging handler] org.apache.nifi.StdErr WARNING: All illegal access operations will be denied in a future release
2023-04-30 18:07:42,925 INFO [main] o.a.n.b.NotificationServiceManager Successfully loaded the following 0 services: []
2023-04-30 18:07:42,936 INFO [main] org.apache.nifi.bootstrap.RunNiFi Registered no Notification Services for Notification Type NIFI_STARTED
2023-04-30 18:07:42,937 INFO [main] org.apache.nifi.bootstrap.RunNiFi Registered no Notification Services for Notification Type NIFI_STOPPED
2023-04-30 18:07:42,938 INFO [main] org.apache.nifi.bootstrap.RunNiFi Registered no Notification Services for Notification Type NIFI_DIED
2023-04-30 18:07:42,978 INFO [main] org.apache.nifi.bootstrap.Command Apache NiFi has accepted the Shutdown Command and is shutting down now
2023-04-30 18:07:43,021 INFO [main] org.apache.nifi.bootstrap.Command NiFi PID [98] shutdown in progress...
2023-04-30 18:07:45,029 INFO [main] org.apache.nifi.bootstrap.Command NiFi PID [98] shutdown in progress...
2023-04-30 18:07:47,038 INFO [main] org.apache.nifi.bootstrap.Command NiFi PID [98] shutdown in progress...
2023-04-30 18:07:48,021 INFO [main] org.apache.nifi.bootstrap.RunNiFi A shutdown was initiated. Will not restart NiFi
2023-04-30 18:07:49,045 INFO [main] org.apache.nifi.bootstrap.Command NiFi PID [98] shutdown completed
2023-04-30 18:09:31,138 INFO [main] o.a.n.b.NotificationServiceManager Successfully loaded the following 0 services: []
2023-04-30 18:09:31,148 INFO [main] org.apache.nifi.bootstrap.RunNiFi Registered no Notification Services for Notification Type NIFI_STARTED
2023-04-30 18:09:31,150 INFO [main] org.apache.nifi.bootstrap.RunNiFi Registered no Notification Services for Notification Type NIFI_STOPPED
2023-04-30 18:09:31,152 INFO [main] org.apache.nifi.bootstrap.RunNiFi Registered no Notification Services for Notification Type NIFI_DIED
2023-04-30 18:09:31,163 INFO [main] org.apache.nifi.bootstrap.RunNiFi Runtime Java version: 11.0.18
2023-04-30 18:09:31,202 INFO [main] org.apache.nifi.bootstrap.Command Starting Apache NiFi...
2023-04-30 18:09:31,204 INFO [main] org.apache.nifi.bootstrap.Command Working Directory: /opt/nifi/nifi-current
2023-04-30 18:09:31,206 INFO [main] org.apache.nifi.bootstrap.Command Command: /opt/java/openjdk/bin/java -classpath /opt/nifi/nifi-current/./conf:/opt/nifi/nifi-current/./lib/nifi-stateless-api-1.21.0.jar:/opt/nifi/nifi-current/./lib/nifi-framework-api-1.21.0.jar:/opt/nifi/nifi-current/./lib/jul-to-slf4j-2.0.7.jar:/opt/nifi/nifi-current/./lib/nifi-api-1.21.0.jar:/opt/nifi/nifi-current/./lib/nifi-stateless-bootstrap-1.21.0.jar:/opt/nifi/nifi-current/./lib/nifi-properties-1.21.0.jar:/opt/nifi/nifi-current/./lib/javax.servlet-api-3.1.0.jar:/opt/nifi/nifi-current/./lib/logback-classic-1.3.5.jar:/opt/nifi/nifi-current/./lib/nifi-server-api-1.21.0.jar:/opt/nifi/nifi-current/./lib/nifi-nar-utils-1.21.0.jar:/opt/nifi/nifi-current/./lib/slf4j-api-2.0.7.jar:/opt/nifi/nifi-current/./lib/jcl-over-slf4j-2.0.7.jar:/opt/nifi/nifi-current/./lib/log4j-over-slf4j-2.0.7.jar:/opt/nifi/nifi-current/./lib/logback-core-1.3.5.jar:/opt/nifi/nifi-current/./lib/nifi-runtime-1.21.0.jar:/opt/nifi/nifi-current/./lib/jetty-schemas-5.2.jar:/opt/nifi/nifi-current/./lib/nifi-property-utils-1.21.0.jar:/opt/nifi/nifi-current/./lib/java11/jaxb-runtime-2.3.5.jar:/opt/nifi/nifi-current/./lib/java11/jakarta.activation-api-1.2.2.jar:/opt/nifi/nifi-current/./lib/java11/txw2-2.3.5.jar:/opt/nifi/nifi-current/./lib/java11/jakarta.xml.bind-api-2.3.3.jar:/opt/nifi/nifi-current/./lib/java11/istack-commons-runtime-3.0.12.jar:/opt/nifi/nifi-current/./lib/java11/javax.annotation-api-1.3.2.jar:/opt/nifi/nifi-current/./lib/java11/jakarta.activation-1.2.2.jar -Dorg.apache.jasper.compiler.disablejsr199=true -Xmx512m -Xms512m -Dcurator-log-only-first-connection-issue-as-error-level=true -Djavax.security.auth.useSubjectCredsOnly=true -Djava.security.egd=file:/dev/urandom -Dzookeeper.admin.enableServer=false -Dsun.net.http.allowRestrictedHeaders=true -Djava.net.preferIPv4Stack=true -Djava.awt.headless=true -Djava.protocol.handler.pkgs=sun.net.www.protocol -Dnifi.properties.file.path=/opt/nifi/nifi-current/./conf/nifi.properties -Dnifi.bootstrap.listen.port=46453 -Dapp=NiFi -Dorg.apache.nifi.bootstrap.config.log.dir=/opt/nifi/nifi-current/logs org.apache.nifi.NiFi 
2023-04-30 18:09:31,249 INFO [main] org.apache.nifi.bootstrap.Command Launched Apache NiFi with Process ID 98
2023-04-30 18:09:32,476 INFO [NiFi Bootstrap Command Listener] org.apache.nifi.bootstrap.RunNiFi Apache NiFi now running and listening for Bootstrap requests on port 40653
2023-04-30 18:10:23,747 ERROR [NiFi logging handler] org.apache.nifi.StdErr Warning: Nashorn engine is planned to be removed from a future JDK release
2023-04-30 18:10:35,480 ERROR [NiFi logging handler] org.apache.nifi.StdErr Warning: Nashorn engine is planned to be removed from a future JDK release
2023-04-30 18:10:35,914 ERROR [NiFi logging handler] org.apache.nifi.StdErr Warning: Nashorn engine is planned to be removed from a future JDK release
2023-04-30 18:10:35,927 ERROR [NiFi logging handler] org.apache.nifi.StdErr Warning: Nashorn engine is planned to be removed from a future JDK release
2023-04-30 18:10:35,945 ERROR [NiFi logging handler] org.apache.nifi.StdErr Warning: Nashorn engine is planned to be removed from a future JDK release
2023-04-30 18:10:35,986 ERROR [NiFi logging handler] org.apache.nifi.StdErr Warning: Nashorn engine is planned to be removed from a future JDK release
2023-04-30 18:10:36,000 ERROR [NiFi logging handler] org.apache.nifi.StdErr Warning: Nashorn engine is planned to be removed from a future JDK release
2023-04-30 18:10:36,392 ERROR [NiFi logging handler] org.apache.nifi.StdErr Warning: Nashorn engine is planned to be removed from a future JDK release
2023-04-30 18:10:36,417 ERROR [NiFi logging handler] org.apache.nifi.StdErr Warning: Nashorn engine is planned to be removed from a future JDK release
2023-04-30 18:12:10,081 INFO [main] o.a.n.b.NotificationServiceManager Successfully loaded the following 0 services: []
2023-04-30 18:12:10,094 INFO [main] org.apache.nifi.bootstrap.RunNiFi Registered no Notification Services for Notification Type NIFI_STARTED
2023-04-30 18:12:10,096 INFO [main] org.apache.nifi.bootstrap.RunNiFi Registered no Notification Services for Notification Type NIFI_STOPPED
2023-04-30 18:12:10,097 INFO [main] org.apache.nifi.bootstrap.RunNiFi Registered no Notification Services for Notification Type NIFI_DIED
2023-04-30 18:12:10,139 INFO [main] org.apache.nifi.bootstrap.Command Apache NiFi has accepted the Shutdown Command and is shutting down now
2023-04-30 18:12:10,174 INFO [main] org.apache.nifi.bootstrap.Command NiFi PID [98] shutdown in progress...
2023-04-30 18:12:12,180 INFO [main] org.apache.nifi.bootstrap.Command NiFi PID [98] shutdown completed
2023-04-30 18:12:12,446 INFO [main] org.apache.nifi.bootstrap.RunNiFi Status File no longer exists. Will not restart NiFi
2023-04-30 18:13:31,005 INFO [main] o.a.n.b.NotificationServiceManager Successfully loaded the following 0 services: []
2023-04-30 18:13:31,016 INFO [main] org.apache.nifi.bootstrap.RunNiFi Registered no Notification Services for Notification Type NIFI_STARTED
2023-04-30 18:13:31,017 INFO [main] org.apache.nifi.bootstrap.RunNiFi Registered no Notification Services for Notification Type NIFI_STOPPED
2023-04-30 18:13:31,019 INFO [main] org.apache.nifi.bootstrap.RunNiFi Registered no Notification Services for Notification Type NIFI_DIED
2023-04-30 18:13:31,030 INFO [main] org.apache.nifi.bootstrap.RunNiFi Runtime Java version: 11.0.18
2023-04-30 18:13:31,069 INFO [main] org.apache.nifi.bootstrap.Command Starting Apache NiFi...
2023-04-30 18:13:31,071 INFO [main] org.apache.nifi.bootstrap.Command Working Directory: /opt/nifi/nifi-current
2023-04-30 18:13:31,072 INFO [main] org.apache.nifi.bootstrap.Command Command: /opt/java/openjdk/bin/java -classpath /opt/nifi/nifi-current/./conf:/opt/nifi/nifi-current/./lib/nifi-stateless-api-1.21.0.jar:/opt/nifi/nifi-current/./lib/nifi-framework-api-1.21.0.jar:/opt/nifi/nifi-current/./lib/jul-to-slf4j-2.0.7.jar:/opt/nifi/nifi-current/./lib/nifi-api-1.21.0.jar:/opt/nifi/nifi-current/./lib/nifi-stateless-bootstrap-1.21.0.jar:/opt/nifi/nifi-current/./lib/nifi-properties-1.21.0.jar:/opt/nifi/nifi-current/./lib/javax.servlet-api-3.1.0.jar:/opt/nifi/nifi-current/./lib/logback-classic-1.3.5.jar:/opt/nifi/nifi-current/./lib/nifi-server-api-1.21.0.jar:/opt/nifi/nifi-current/./lib/nifi-nar-utils-1.21.0.jar:/opt/nifi/nifi-current/./lib/slf4j-api-2.0.7.jar:/opt/nifi/nifi-current/./lib/jcl-over-slf4j-2.0.7.jar:/opt/nifi/nifi-current/./lib/log4j-over-slf4j-2.0.7.jar:/opt/nifi/nifi-current/./lib/logback-core-1.3.5.jar:/opt/nifi/nifi-current/./lib/nifi-runtime-1.21.0.jar:/opt/nifi/nifi-current/./lib/jetty-schemas-5.2.jar:/opt/nifi/nifi-current/./lib/nifi-property-utils-1.21.0.jar:/opt/nifi/nifi-current/./lib/java11/jaxb-runtime-2.3.5.jar:/opt/nifi/nifi-current/./lib/java11/jakarta.activation-api-1.2.2.jar:/opt/nifi/nifi-current/./lib/java11/txw2-2.3.5.jar:/opt/nifi/nifi-current/./lib/java11/jakarta.xml.bind-api-2.3.3.jar:/opt/nifi/nifi-current/./lib/java11/istack-commons-runtime-3.0.12.jar:/opt/nifi/nifi-current/./lib/java11/javax.annotation-api-1.3.2.jar:/opt/nifi/nifi-current/./lib/java11/jakarta.activation-1.2.2.jar -Dorg.apache.jasper.compiler.disablejsr199=true -Xmx512m -Xms512m -Dcurator-log-only-first-connection-issue-as-error-level=true -Djavax.security.auth.useSubjectCredsOnly=true -Djava.security.egd=file:/dev/urandom -Dzookeeper.admin.enableServer=false -Dsun.net.http.allowRestrictedHeaders=true -Djava.net.preferIPv4Stack=true -Djava.awt.headless=true -Djava.protocol.handler.pkgs=sun.net.www.protocol -Dnifi.properties.file.path=/opt/nifi/nifi-current/./conf/nifi.properties -Dnifi.bootstrap.listen.port=33349 -Dapp=NiFi -Dorg.apache.nifi.bootstrap.config.log.dir=/opt/nifi/nifi-current/logs org.apache.nifi.NiFi 
2023-04-30 18:13:31,107 INFO [main] org.apache.nifi.bootstrap.Command Launched Apache NiFi with Process ID 99
2023-04-30 18:13:32,270 INFO [NiFi Bootstrap Command Listener] org.apache.nifi.bootstrap.RunNiFi Apache NiFi now running and listening for Bootstrap requests on port 35657
2023-04-30 18:14:19,786 ERROR [NiFi logging handler] org.apache.nifi.StdErr Warning: Nashorn engine is planned to be removed from a future JDK release
2023-04-30 18:14:32,369 ERROR [NiFi logging handler] org.apache.nifi.StdErr Warning: Nashorn engine is planned to be removed from a future JDK release
2023-04-30 18:14:32,821 ERROR [NiFi logging handler] org.apache.nifi.StdErr Warning: Nashorn engine is planned to be removed from a future JDK release
2023-04-30 18:14:32,842 ERROR [NiFi logging handler] org.apache.nifi.StdErr Warning: Nashorn engine is planned to be removed from a future JDK release
2023-04-30 18:14:32,868 ERROR [NiFi logging handler] org.apache.nifi.StdErr Warning: Nashorn engine is planned to be removed from a future JDK release
2023-04-30 18:14:32,908 ERROR [NiFi logging handler] org.apache.nifi.StdErr Warning: Nashorn engine is planned to be removed from a future JDK release
2023-04-30 18:14:32,921 ERROR [NiFi logging handler] org.apache.nifi.StdErr Warning: Nashorn engine is planned to be removed from a future JDK release
2023-04-30 18:14:33,170 ERROR [NiFi logging handler] org.apache.nifi.StdErr Warning: Nashorn engine is planned to be removed from a future JDK release
2023-04-30 18:14:33,190 ERROR [NiFi logging handler] org.apache.nifi.StdErr Warning: Nashorn engine is planned to be removed from a future JDK release
2023-04-30 18:15:58,171 ERROR [NiFi logging handler] org.apache.nifi.StdErr WARNING: An illegal reflective access operation has occurred
2023-04-30 18:15:58,176 ERROR [NiFi logging handler] org.apache.nifi.StdErr WARNING: Illegal reflective access by org.springframework.cglib.core.ReflectUtils (file:/opt/nifi/nifi-current/./work/nar/framework/nifi-framework-nar-1.21.0.nar-unpacked/NAR-INF/bundled-dependencies/spring-core-5.3.26.jar) to method java.lang.ClassLoader.defineClass(java.lang.String,byte[],int,int,java.security.ProtectionDomain)
2023-04-30 18:15:58,179 ERROR [NiFi logging handler] org.apache.nifi.StdErr WARNING: Please consider reporting this to the maintainers of org.springframework.cglib.core.ReflectUtils
2023-04-30 18:15:58,180 ERROR [NiFi logging handler] org.apache.nifi.StdErr WARNING: Use --illegal-access=warn to enable warnings of further illegal reflective access operations
2023-04-30 18:15:58,181 ERROR [NiFi logging handler] org.apache.nifi.StdErr WARNING: All illegal access operations will be denied in a future release
2023-04-30 18:22:28,937 INFO [main] o.a.n.b.NotificationServiceManager Successfully loaded the following 0 services: []
2023-04-30 18:22:28,949 INFO [main] org.apache.nifi.bootstrap.RunNiFi Registered no Notification Services for Notification Type NIFI_STARTED
2023-04-30 18:22:28,951 INFO [main] org.apache.nifi.bootstrap.RunNiFi Registered no Notification Services for Notification Type NIFI_STOPPED
2023-04-30 18:22:28,952 INFO [main] org.apache.nifi.bootstrap.RunNiFi Registered no Notification Services for Notification Type NIFI_DIED
2023-04-30 18:22:29,001 INFO [main] org.apache.nifi.bootstrap.Command Apache NiFi has accepted the Shutdown Command and is shutting down now
2023-04-30 18:22:29,039 INFO [main] org.apache.nifi.bootstrap.Command NiFi PID [99] shutdown in progress...
2023-04-30 18:22:31,047 INFO [main] org.apache.nifi.bootstrap.Command NiFi PID [99] shutdown in progress...
2023-04-30 18:22:33,054 INFO [main] org.apache.nifi.bootstrap.Command NiFi PID [99] shutdown in progress...
2023-04-30 18:22:35,061 INFO [main] org.apache.nifi.bootstrap.Command NiFi PID [99] shutdown completed
2023-04-30 18:22:35,512 INFO [main] org.apache.nifi.bootstrap.RunNiFi Status File no longer exists. Will not restart NiFi
2023-04-30 18:22:53,423 INFO [main] o.a.n.b.NotificationServiceManager Successfully loaded the following 0 services: []
2023-04-30 18:22:53,433 INFO [main] org.apache.nifi.bootstrap.RunNiFi Registered no Notification Services for Notification Type NIFI_STARTED
2023-04-30 18:22:53,434 INFO [main] org.apache.nifi.bootstrap.RunNiFi Registered no Notification Services for Notification Type NIFI_STOPPED
2023-04-30 18:22:53,435 INFO [main] org.apache.nifi.bootstrap.RunNiFi Registered no Notification Services for Notification Type NIFI_DIED
2023-04-30 18:22:53,447 INFO [main] org.apache.nifi.bootstrap.RunNiFi Runtime Java version: 11.0.18
2023-04-30 18:22:53,484 INFO [main] org.apache.nifi.bootstrap.Command Starting Apache NiFi...
2023-04-30 18:22:53,485 INFO [main] org.apache.nifi.bootstrap.Command Working Directory: /opt/nifi/nifi-current
2023-04-30 18:22:53,487 INFO [main] org.apache.nifi.bootstrap.Command Command: /opt/java/openjdk/bin/java -classpath /opt/nifi/nifi-current/./conf:/opt/nifi/nifi-current/./lib/nifi-stateless-api-1.21.0.jar:/opt/nifi/nifi-current/./lib/nifi-framework-api-1.21.0.jar:/opt/nifi/nifi-current/./lib/jul-to-slf4j-2.0.7.jar:/opt/nifi/nifi-current/./lib/nifi-api-1.21.0.jar:/opt/nifi/nifi-current/./lib/nifi-stateless-bootstrap-1.21.0.jar:/opt/nifi/nifi-current/./lib/nifi-properties-1.21.0.jar:/opt/nifi/nifi-current/./lib/javax.servlet-api-3.1.0.jar:/opt/nifi/nifi-current/./lib/logback-classic-1.3.5.jar:/opt/nifi/nifi-current/./lib/nifi-server-api-1.21.0.jar:/opt/nifi/nifi-current/./lib/nifi-nar-utils-1.21.0.jar:/opt/nifi/nifi-current/./lib/slf4j-api-2.0.7.jar:/opt/nifi/nifi-current/./lib/jcl-over-slf4j-2.0.7.jar:/opt/nifi/nifi-current/./lib/log4j-over-slf4j-2.0.7.jar:/opt/nifi/nifi-current/./lib/logback-core-1.3.5.jar:/opt/nifi/nifi-current/./lib/nifi-runtime-1.21.0.jar:/opt/nifi/nifi-current/./lib/jetty-schemas-5.2.jar:/opt/nifi/nifi-current/./lib/nifi-property-utils-1.21.0.jar:/opt/nifi/nifi-current/./lib/java11/jaxb-runtime-2.3.5.jar:/opt/nifi/nifi-current/./lib/java11/jakarta.activation-api-1.2.2.jar:/opt/nifi/nifi-current/./lib/java11/txw2-2.3.5.jar:/opt/nifi/nifi-current/./lib/java11/jakarta.xml.bind-api-2.3.3.jar:/opt/nifi/nifi-current/./lib/java11/istack-commons-runtime-3.0.12.jar:/opt/nifi/nifi-current/./lib/java11/javax.annotation-api-1.3.2.jar:/opt/nifi/nifi-current/./lib/java11/jakarta.activation-1.2.2.jar -Dorg.apache.jasper.compiler.disablejsr199=true -Xmx512m -Xms512m -Dcurator-log-only-first-connection-issue-as-error-level=true -Djavax.security.auth.useSubjectCredsOnly=true -Djava.security.egd=file:/dev/urandom -Dzookeeper.admin.enableServer=false -Dsun.net.http.allowRestrictedHeaders=true -Djava.net.preferIPv4Stack=true -Djava.awt.headless=true -Djava.protocol.handler.pkgs=sun.net.www.protocol -Dnifi.properties.file.path=/opt/nifi/nifi-current/./conf/nifi.properties -Dnifi.bootstrap.listen.port=44105 -Dapp=NiFi -Dorg.apache.nifi.bootstrap.config.log.dir=/opt/nifi/nifi-current/logs org.apache.nifi.NiFi 
2023-04-30 18:22:53,527 INFO [main] org.apache.nifi.bootstrap.Command Launched Apache NiFi with Process ID 100
2023-04-30 18:22:54,676 INFO [NiFi Bootstrap Command Listener] org.apache.nifi.bootstrap.RunNiFi Apache NiFi now running and listening for Bootstrap requests on port 34327
2023-04-30 18:23:46,024 ERROR [NiFi logging handler] org.apache.nifi.StdErr Warning: Nashorn engine is planned to be removed from a future JDK release
2023-04-30 18:23:59,225 ERROR [NiFi logging handler] org.apache.nifi.StdErr Warning: Nashorn engine is planned to be removed from a future JDK release
2023-04-30 18:23:59,582 ERROR [NiFi logging handler] org.apache.nifi.StdErr Warning: Nashorn engine is planned to be removed from a future JDK release
2023-04-30 18:23:59,595 ERROR [NiFi logging handler] org.apache.nifi.StdErr Warning: Nashorn engine is planned to be removed from a future JDK release
2023-04-30 18:23:59,608 ERROR [NiFi logging handler] org.apache.nifi.StdErr Warning: Nashorn engine is planned to be removed from a future JDK release
2023-04-30 18:23:59,641 ERROR [NiFi logging handler] org.apache.nifi.StdErr Warning: Nashorn engine is planned to be removed from a future JDK release
2023-04-30 18:23:59,686 ERROR [NiFi logging handler] org.apache.nifi.StdErr Warning: Nashorn engine is planned to be removed from a future JDK release
2023-04-30 18:23:59,994 ERROR [NiFi logging handler] org.apache.nifi.StdErr Warning: Nashorn engine is planned to be removed from a future JDK release
2023-04-30 18:24:00,022 ERROR [NiFi logging handler] org.apache.nifi.StdErr Warning: Nashorn engine is planned to be removed from a future JDK release
2023-04-30 18:25:12,400 ERROR [NiFi logging handler] org.apache.nifi.StdErr WARNING: An illegal reflective access operation has occurred
2023-04-30 18:25:12,403 ERROR [NiFi logging handler] org.apache.nifi.StdErr WARNING: Illegal reflective access by org.springframework.cglib.core.ReflectUtils (file:/opt/nifi/nifi-current/./work/nar/framework/nifi-framework-nar-1.21.0.nar-unpacked/NAR-INF/bundled-dependencies/spring-core-5.3.26.jar) to method java.lang.ClassLoader.defineClass(java.lang.String,byte[],int,int,java.security.ProtectionDomain)
2023-04-30 18:25:12,404 ERROR [NiFi logging handler] org.apache.nifi.StdErr WARNING: Please consider reporting this to the maintainers of org.springframework.cglib.core.ReflectUtils
2023-04-30 18:25:12,406 ERROR [NiFi logging handler] org.apache.nifi.StdErr WARNING: Use --illegal-access=warn to enable warnings of further illegal reflective access operations
2023-04-30 18:25:12,408 ERROR [NiFi logging handler] org.apache.nifi.StdErr WARNING: All illegal access operations will be denied in a future release
2023-04-30 18:48:47,656 INFO [main] o.a.n.b.NotificationServiceManager Successfully loaded the following 0 services: []
2023-04-30 18:48:47,667 INFO [main] org.apache.nifi.bootstrap.RunNiFi Registered no Notification Services for Notification Type NIFI_STARTED
2023-04-30 18:48:47,668 INFO [main] org.apache.nifi.bootstrap.RunNiFi Registered no Notification Services for Notification Type NIFI_STOPPED
2023-04-30 18:48:47,669 INFO [main] org.apache.nifi.bootstrap.RunNiFi Registered no Notification Services for Notification Type NIFI_DIED
2023-04-30 18:48:47,712 INFO [main] org.apache.nifi.bootstrap.Command Apache NiFi has accepted the Shutdown Command and is shutting down now
2023-04-30 18:48:47,743 INFO [main] org.apache.nifi.bootstrap.Command NiFi PID [100] shutdown in progress...
2023-04-30 18:48:49,749 INFO [main] org.apache.nifi.bootstrap.Command NiFi PID [100] shutdown in progress...
2023-04-30 18:48:51,755 INFO [main] org.apache.nifi.bootstrap.Command NiFi PID [100] shutdown completed
2023-04-30 18:48:51,748 INFO [main] org.apache.nifi.bootstrap.RunNiFi A shutdown was initiated. Will not restart NiFi
2023-04-30 18:49:11,195 INFO [main] o.a.n.b.NotificationServiceManager Successfully loaded the following 0 services: []
2023-04-30 18:49:11,207 INFO [main] org.apache.nifi.bootstrap.RunNiFi Registered no Notification Services for Notification Type NIFI_STARTED
2023-04-30 18:49:11,209 INFO [main] org.apache.nifi.bootstrap.RunNiFi Registered no Notification Services for Notification Type NIFI_STOPPED
2023-04-30 18:49:11,210 INFO [main] org.apache.nifi.bootstrap.RunNiFi Registered no Notification Services for Notification Type NIFI_DIED
2023-04-30 18:49:11,225 INFO [main] org.apache.nifi.bootstrap.RunNiFi Runtime Java version: 11.0.18
2023-04-30 18:49:11,260 INFO [main] org.apache.nifi.bootstrap.Command Starting Apache NiFi...
2023-04-30 18:49:11,265 INFO [main] org.apache.nifi.bootstrap.Command Working Directory: /opt/nifi/nifi-current
2023-04-30 18:49:11,267 INFO [main] org.apache.nifi.bootstrap.Command Command: /opt/java/openjdk/bin/java -classpath /opt/nifi/nifi-current/./conf:/opt/nifi/nifi-current/./lib/nifi-stateless-api-1.21.0.jar:/opt/nifi/nifi-current/./lib/nifi-framework-api-1.21.0.jar:/opt/nifi/nifi-current/./lib/jul-to-slf4j-2.0.7.jar:/opt/nifi/nifi-current/./lib/nifi-api-1.21.0.jar:/opt/nifi/nifi-current/./lib/nifi-stateless-bootstrap-1.21.0.jar:/opt/nifi/nifi-current/./lib/nifi-properties-1.21.0.jar:/opt/nifi/nifi-current/./lib/javax.servlet-api-3.1.0.jar:/opt/nifi/nifi-current/./lib/logback-classic-1.3.5.jar:/opt/nifi/nifi-current/./lib/nifi-server-api-1.21.0.jar:/opt/nifi/nifi-current/./lib/nifi-nar-utils-1.21.0.jar:/opt/nifi/nifi-current/./lib/slf4j-api-2.0.7.jar:/opt/nifi/nifi-current/./lib/jcl-over-slf4j-2.0.7.jar:/opt/nifi/nifi-current/./lib/log4j-over-slf4j-2.0.7.jar:/opt/nifi/nifi-current/./lib/logback-core-1.3.5.jar:/opt/nifi/nifi-current/./lib/nifi-runtime-1.21.0.jar:/opt/nifi/nifi-current/./lib/jetty-schemas-5.2.jar:/opt/nifi/nifi-current/./lib/nifi-property-utils-1.21.0.jar:/opt/nifi/nifi-current/./lib/java11/jaxb-runtime-2.3.5.jar:/opt/nifi/nifi-current/./lib/java11/jakarta.activation-api-1.2.2.jar:/opt/nifi/nifi-current/./lib/java11/txw2-2.3.5.jar:/opt/nifi/nifi-current/./lib/java11/jakarta.xml.bind-api-2.3.3.jar:/opt/nifi/nifi-current/./lib/java11/istack-commons-runtime-3.0.12.jar:/opt/nifi/nifi-current/./lib/java11/javax.annotation-api-1.3.2.jar:/opt/nifi/nifi-current/./lib/java11/jakarta.activation-1.2.2.jar -Dorg.apache.jasper.compiler.disablejsr199=true -Xmx512m -Xms512m -Dcurator-log-only-first-connection-issue-as-error-level=true -Djavax.security.auth.useSubjectCredsOnly=true -Djava.security.egd=file:/dev/urandom -Dzookeeper.admin.enableServer=false -Dsun.net.http.allowRestrictedHeaders=true -Djava.net.preferIPv4Stack=true -Djava.awt.headless=true -Djava.protocol.handler.pkgs=sun.net.www.protocol -Dnifi.properties.file.path=/opt/nifi/nifi-current/./conf/nifi.properties -Dnifi.bootstrap.listen.port=43189 -Dapp=NiFi -Dorg.apache.nifi.bootstrap.config.log.dir=/opt/nifi/nifi-current/logs org.apache.nifi.NiFi 
2023-04-30 18:49:11,300 INFO [main] org.apache.nifi.bootstrap.Command Launched Apache NiFi with Process ID 99
2023-04-30 18:49:12,755 INFO [NiFi Bootstrap Command Listener] org.apache.nifi.bootstrap.RunNiFi Apache NiFi now running and listening for Bootstrap requests on port 44765
2023-04-30 18:49:59,926 ERROR [NiFi logging handler] org.apache.nifi.StdErr Warning: Nashorn engine is planned to be removed from a future JDK release
2023-04-30 18:50:13,143 ERROR [NiFi logging handler] org.apache.nifi.StdErr Warning: Nashorn engine is planned to be removed from a future JDK release
2023-04-30 18:50:13,506 ERROR [NiFi logging handler] org.apache.nifi.StdErr Warning: Nashorn engine is planned to be removed from a future JDK release
2023-04-30 18:50:13,517 ERROR [NiFi logging handler] org.apache.nifi.StdErr Warning: Nashorn engine is planned to be removed from a future JDK release
2023-04-30 18:50:13,530 ERROR [NiFi logging handler] org.apache.nifi.StdErr Warning: Nashorn engine is planned to be removed from a future JDK release
2023-04-30 18:50:13,565 ERROR [NiFi logging handler] org.apache.nifi.StdErr Warning: Nashorn engine is planned to be removed from a future JDK release
2023-04-30 18:50:13,578 ERROR [NiFi logging handler] org.apache.nifi.StdErr Warning: Nashorn engine is planned to be removed from a future JDK release
2023-04-30 18:50:13,839 ERROR [NiFi logging handler] org.apache.nifi.StdErr Warning: Nashorn engine is planned to be removed from a future JDK release
2023-04-30 18:50:13,862 ERROR [NiFi logging handler] org.apache.nifi.StdErr Warning: Nashorn engine is planned to be removed from a future JDK release
2023-04-30 18:51:15,036 ERROR [NiFi logging handler] org.apache.nifi.StdErr WARNING: An illegal reflective access operation has occurred
2023-04-30 18:51:15,039 ERROR [NiFi logging handler] org.apache.nifi.StdErr WARNING: Illegal reflective access by org.springframework.cglib.core.ReflectUtils (file:/opt/nifi/nifi-current/./work/nar/framework/nifi-framework-nar-1.21.0.nar-unpacked/NAR-INF/bundled-dependencies/spring-core-5.3.26.jar) to method java.lang.ClassLoader.defineClass(java.lang.String,byte[],int,int,java.security.ProtectionDomain)
2023-04-30 18:51:15,045 ERROR [NiFi logging handler] org.apache.nifi.StdErr WARNING: Please consider reporting this to the maintainers of org.springframework.cglib.core.ReflectUtils
2023-04-30 18:51:15,047 ERROR [NiFi logging handler] org.apache.nifi.StdErr WARNING: Use --illegal-access=warn to enable warnings of further illegal reflective access operations
2023-04-30 18:51:15,088 ERROR [NiFi logging handler] org.apache.nifi.StdErr WARNING: All illegal access operations will be denied in a future release
2023-04-30 21:30:02,228 INFO [main] o.a.n.b.NotificationServiceManager Successfully loaded the following 0 services: []
2023-04-30 21:30:02,252 INFO [main] org.apache.nifi.bootstrap.RunNiFi Registered no Notification Services for Notification Type NIFI_STARTED
2023-04-30 21:30:02,256 INFO [main] org.apache.nifi.bootstrap.RunNiFi Registered no Notification Services for Notification Type NIFI_STOPPED
2023-04-30 21:30:02,262 INFO [main] org.apache.nifi.bootstrap.RunNiFi Registered no Notification Services for Notification Type NIFI_DIED
2023-04-30 21:30:02,658 INFO [main] org.apache.nifi.bootstrap.Command Apache NiFi has accepted the Shutdown Command and is shutting down now
2023-04-30 21:30:02,778 INFO [main] org.apache.nifi.bootstrap.Command NiFi PID [99] shutdown in progress...
2023-04-30 21:30:04,795 INFO [main] org.apache.nifi.bootstrap.Command NiFi PID [99] shutdown in progress...
2023-04-30 21:30:06,805 INFO [main] org.apache.nifi.bootstrap.Command NiFi PID [99] shutdown in progress...
2023-04-30 21:30:41,468 INFO [main] o.a.n.b.NotificationServiceManager Successfully loaded the following 0 services: []
2023-04-30 21:30:41,486 INFO [main] org.apache.nifi.bootstrap.RunNiFi Registered no Notification Services for Notification Type NIFI_STARTED
2023-04-30 21:30:41,488 INFO [main] org.apache.nifi.bootstrap.RunNiFi Registered no Notification Services for Notification Type NIFI_STOPPED
2023-04-30 21:30:41,490 INFO [main] org.apache.nifi.bootstrap.RunNiFi Registered no Notification Services for Notification Type NIFI_DIED
2023-04-30 21:30:41,545 INFO [main] org.apache.nifi.bootstrap.RunNiFi Runtime Java version: 11.0.18
2023-04-30 21:30:41,572 INFO [main] org.apache.nifi.bootstrap.Command Starting Apache NiFi...
2023-04-30 21:30:41,574 INFO [main] org.apache.nifi.bootstrap.Command Working Directory: /opt/nifi/nifi-current
2023-04-30 21:30:41,576 INFO [main] org.apache.nifi.bootstrap.Command Command: /opt/java/openjdk/bin/java -classpath /opt/nifi/nifi-current/./conf:/opt/nifi/nifi-current/./lib/nifi-stateless-api-1.21.0.jar:/opt/nifi/nifi-current/./lib/nifi-framework-api-1.21.0.jar:/opt/nifi/nifi-current/./lib/jul-to-slf4j-2.0.7.jar:/opt/nifi/nifi-current/./lib/nifi-api-1.21.0.jar:/opt/nifi/nifi-current/./lib/nifi-stateless-bootstrap-1.21.0.jar:/opt/nifi/nifi-current/./lib/nifi-properties-1.21.0.jar:/opt/nifi/nifi-current/./lib/javax.servlet-api-3.1.0.jar:/opt/nifi/nifi-current/./lib/logback-classic-1.3.5.jar:/opt/nifi/nifi-current/./lib/nifi-server-api-1.21.0.jar:/opt/nifi/nifi-current/./lib/nifi-nar-utils-1.21.0.jar:/opt/nifi/nifi-current/./lib/slf4j-api-2.0.7.jar:/opt/nifi/nifi-current/./lib/jcl-over-slf4j-2.0.7.jar:/opt/nifi/nifi-current/./lib/log4j-over-slf4j-2.0.7.jar:/opt/nifi/nifi-current/./lib/logback-core-1.3.5.jar:/opt/nifi/nifi-current/./lib/nifi-runtime-1.21.0.jar:/opt/nifi/nifi-current/./lib/jetty-schemas-5.2.jar:/opt/nifi/nifi-current/./lib/nifi-property-utils-1.21.0.jar:/opt/nifi/nifi-current/./lib/java11/jaxb-runtime-2.3.5.jar:/opt/nifi/nifi-current/./lib/java11/jakarta.activation-api-1.2.2.jar:/opt/nifi/nifi-current/./lib/java11/txw2-2.3.5.jar:/opt/nifi/nifi-current/./lib/java11/jakarta.xml.bind-api-2.3.3.jar:/opt/nifi/nifi-current/./lib/java11/istack-commons-runtime-3.0.12.jar:/opt/nifi/nifi-current/./lib/java11/javax.annotation-api-1.3.2.jar:/opt/nifi/nifi-current/./lib/java11/jakarta.activation-1.2.2.jar -Dorg.apache.jasper.compiler.disablejsr199=true -Xmx512m -Xms512m -Dcurator-log-only-first-connection-issue-as-error-level=true -Djavax.security.auth.useSubjectCredsOnly=true -Djava.security.egd=file:/dev/urandom -Dzookeeper.admin.enableServer=false -Dsun.net.http.allowRestrictedHeaders=true -Djava.net.preferIPv4Stack=true -Djava.awt.headless=true -Djava.protocol.handler.pkgs=sun.net.www.protocol -Dnifi.properties.file.path=/opt/nifi/nifi-current/./conf/nifi.properties -Dnifi.bootstrap.listen.port=43915 -Dapp=NiFi -Dorg.apache.nifi.bootstrap.config.log.dir=/opt/nifi/nifi-current/logs org.apache.nifi.NiFi 
2023-04-30 21:30:41,591 INFO [main] org.apache.nifi.bootstrap.Command Launched Apache NiFi with Process ID 101
2023-04-30 21:30:42,901 INFO [NiFi Bootstrap Command Listener] org.apache.nifi.bootstrap.RunNiFi Apache NiFi now running and listening for Bootstrap requests on port 37297
2023-04-30 21:32:16,382 ERROR [NiFi logging handler] org.apache.nifi.StdErr WARNING: An illegal reflective access operation has occurred
2023-04-30 21:32:16,417 ERROR [NiFi logging handler] org.apache.nifi.StdErr WARNING: Illegal reflective access by org.springframework.cglib.core.ReflectUtils (file:/opt/nifi/nifi-current/./work/nar/framework/nifi-framework-nar-1.21.0.nar-unpacked/NAR-INF/bundled-dependencies/spring-core-5.3.26.jar) to method java.lang.ClassLoader.defineClass(java.lang.String,byte[],int,int,java.security.ProtectionDomain)
2023-04-30 21:32:16,419 ERROR [NiFi logging handler] org.apache.nifi.StdErr WARNING: Please consider reporting this to the maintainers of org.springframework.cglib.core.ReflectUtils
2023-04-30 21:32:16,424 ERROR [NiFi logging handler] org.apache.nifi.StdErr WARNING: Use --illegal-access=warn to enable warnings of further illegal reflective access operations
2023-04-30 21:32:16,427 ERROR [NiFi logging handler] org.apache.nifi.StdErr WARNING: All illegal access operations will be denied in a future release
2023-04-30 21:44:24,355 INFO [main] o.a.n.b.NotificationServiceManager Successfully loaded the following 0 services: []
2023-04-30 21:44:24,371 INFO [main] org.apache.nifi.bootstrap.RunNiFi Registered no Notification Services for Notification Type NIFI_STARTED
2023-04-30 21:44:24,372 INFO [main] org.apache.nifi.bootstrap.RunNiFi Registered no Notification Services for Notification Type NIFI_STOPPED
2023-04-30 21:44:24,373 INFO [main] org.apache.nifi.bootstrap.RunNiFi Registered no Notification Services for Notification Type NIFI_DIED
2023-04-30 21:44:24,429 INFO [main] org.apache.nifi.bootstrap.Command Apache NiFi has accepted the Shutdown Command and is shutting down now
2023-04-30 21:44:24,492 INFO [main] org.apache.nifi.bootstrap.Command NiFi PID [101] shutdown in progress...
2023-04-30 21:44:26,500 INFO [main] org.apache.nifi.bootstrap.Command NiFi PID [101] shutdown in progress...
2023-04-30 21:44:28,507 INFO [main] org.apache.nifi.bootstrap.Command NiFi PID [101] shutdown in progress...
2023-04-30 21:44:30,513 INFO [main] org.apache.nifi.bootstrap.Command NiFi PID [101] shutdown in progress...
2023-04-30 21:44:50,266 INFO [main] o.a.n.b.NotificationServiceManager Successfully loaded the following 0 services: []
2023-04-30 21:44:50,276 INFO [main] org.apache.nifi.bootstrap.RunNiFi Registered no Notification Services for Notification Type NIFI_STARTED
2023-04-30 21:44:50,277 INFO [main] org.apache.nifi.bootstrap.RunNiFi Registered no Notification Services for Notification Type NIFI_STOPPED
2023-04-30 21:44:50,278 INFO [main] org.apache.nifi.bootstrap.RunNiFi Registered no Notification Services for Notification Type NIFI_DIED
2023-04-30 21:44:50,319 INFO [main] org.apache.nifi.bootstrap.RunNiFi Runtime Java version: 11.0.18
2023-04-30 21:44:50,344 INFO [main] org.apache.nifi.bootstrap.Command Starting Apache NiFi...
2023-04-30 21:44:50,346 INFO [main] org.apache.nifi.bootstrap.Command Working Directory: /opt/nifi/nifi-current
2023-04-30 21:44:50,347 INFO [main] org.apache.nifi.bootstrap.Command Command: /opt/java/openjdk/bin/java -classpath /opt/nifi/nifi-current/./conf:/opt/nifi/nifi-current/./lib/nifi-stateless-api-1.21.0.jar:/opt/nifi/nifi-current/./lib/nifi-framework-api-1.21.0.jar:/opt/nifi/nifi-current/./lib/jul-to-slf4j-2.0.7.jar:/opt/nifi/nifi-current/./lib/nifi-api-1.21.0.jar:/opt/nifi/nifi-current/./lib/nifi-stateless-bootstrap-1.21.0.jar:/opt/nifi/nifi-current/./lib/nifi-properties-1.21.0.jar:/opt/nifi/nifi-current/./lib/javax.servlet-api-3.1.0.jar:/opt/nifi/nifi-current/./lib/logback-classic-1.3.5.jar:/opt/nifi/nifi-current/./lib/nifi-server-api-1.21.0.jar:/opt/nifi/nifi-current/./lib/nifi-nar-utils-1.21.0.jar:/opt/nifi/nifi-current/./lib/slf4j-api-2.0.7.jar:/opt/nifi/nifi-current/./lib/jcl-over-slf4j-2.0.7.jar:/opt/nifi/nifi-current/./lib/log4j-over-slf4j-2.0.7.jar:/opt/nifi/nifi-current/./lib/logback-core-1.3.5.jar:/opt/nifi/nifi-current/./lib/nifi-runtime-1.21.0.jar:/opt/nifi/nifi-current/./lib/jetty-schemas-5.2.jar:/opt/nifi/nifi-current/./lib/nifi-property-utils-1.21.0.jar:/opt/nifi/nifi-current/./lib/java11/jaxb-runtime-2.3.5.jar:/opt/nifi/nifi-current/./lib/java11/jakarta.activation-api-1.2.2.jar:/opt/nifi/nifi-current/./lib/java11/txw2-2.3.5.jar:/opt/nifi/nifi-current/./lib/java11/jakarta.xml.bind-api-2.3.3.jar:/opt/nifi/nifi-current/./lib/java11/istack-commons-runtime-3.0.12.jar:/opt/nifi/nifi-current/./lib/java11/javax.annotation-api-1.3.2.jar:/opt/nifi/nifi-current/./lib/java11/jakarta.activation-1.2.2.jar -Dorg.apache.jasper.compiler.disablejsr199=true -Xmx512m -Xms512m -Dcurator-log-only-first-connection-issue-as-error-level=true -Djavax.security.auth.useSubjectCredsOnly=true -Djava.security.egd=file:/dev/urandom -Dzookeeper.admin.enableServer=false -Dsun.net.http.allowRestrictedHeaders=true -Djava.net.preferIPv4Stack=true -Djava.awt.headless=true -Djava.protocol.handler.pkgs=sun.net.www.protocol -Dnifi.properties.file.path=/opt/nifi/nifi-current/./conf/nifi.properties -Dnifi.bootstrap.listen.port=37233 -Dapp=NiFi -Dorg.apache.nifi.bootstrap.config.log.dir=/opt/nifi/nifi-current/logs org.apache.nifi.NiFi 
2023-04-30 21:44:50,362 INFO [main] org.apache.nifi.bootstrap.Command Launched Apache NiFi with Process ID 101
2023-04-30 21:44:51,601 INFO [NiFi Bootstrap Command Listener] org.apache.nifi.bootstrap.RunNiFi Apache NiFi now running and listening for Bootstrap requests on port 42529
2023-04-30 21:46:26,736 ERROR [NiFi logging handler] org.apache.nifi.StdErr WARNING: An illegal reflective access operation has occurred
2023-04-30 21:46:26,751 ERROR [NiFi logging handler] org.apache.nifi.StdErr WARNING: Illegal reflective access by org.springframework.cglib.core.ReflectUtils (file:/opt/nifi/nifi-current/./work/nar/framework/nifi-framework-nar-1.21.0.nar-unpacked/NAR-INF/bundled-dependencies/spring-core-5.3.26.jar) to method java.lang.ClassLoader.defineClass(java.lang.String,byte[],int,int,java.security.ProtectionDomain)
2023-04-30 21:46:26,752 ERROR [NiFi logging handler] org.apache.nifi.StdErr WARNING: Please consider reporting this to the maintainers of org.springframework.cglib.core.ReflectUtils
2023-04-30 21:46:26,754 ERROR [NiFi logging handler] org.apache.nifi.StdErr WARNING: Use --illegal-access=warn to enable warnings of further illegal reflective access operations
2023-04-30 21:46:26,769 ERROR [NiFi logging handler] org.apache.nifi.StdErr WARNING: All illegal access operations will be denied in a future release
