2023-05-01 02:14:07,862 INFO [main] o.a.n.b.NotificationServiceManager Successfully loaded the following 0 services: []
2023-05-01 02:14:07,892 INFO [main] org.apache.nifi.bootstrap.RunNiFi Registered no Notification Services for Notification Type NIFI_STARTED
2023-05-01 02:14:07,894 INFO [main] org.apache.nifi.bootstrap.RunNiFi Registered no Notification Services for Notification Type NIFI_STOPPED
2023-05-01 02:14:07,896 INFO [main] org.apache.nifi.bootstrap.RunNiFi Registered no Notification Services for Notification Type NIFI_DIED
2023-05-01 02:14:07,993 INFO [main] org.apache.nifi.bootstrap.Command Apache NiFi has accepted the Shutdown Command and is shutting down now
2023-05-01 02:14:08,062 INFO [main] org.apache.nifi.bootstrap.Command NiFi PID [101] shutdown in progress...
2023-05-01 02:14:10,072 INFO [main] org.apache.nifi.bootstrap.Command NiFi PID [101] shutdown in progress...
2023-05-01 02:14:12,080 INFO [main] org.apache.nifi.bootstrap.Command NiFi PID [101] shutdown in progress...
2023-05-01 02:14:14,088 INFO [main] org.apache.nifi.bootstrap.Command NiFi PID [101] shutdown in progress...
2023-05-01 02:14:36,416 INFO [main] o.a.n.b.NotificationServiceManager Successfully loaded the following 0 services: []
2023-05-01 02:14:36,426 INFO [main] org.apache.nifi.bootstrap.RunNiFi Registered no Notification Services for Notification Type NIFI_STARTED
2023-05-01 02:14:36,428 INFO [main] org.apache.nifi.bootstrap.RunNiFi Registered no Notification Services for Notification Type NIFI_STOPPED
2023-05-01 02:14:36,429 INFO [main] org.apache.nifi.bootstrap.RunNiFi Registered no Notification Services for Notification Type NIFI_DIED
2023-05-01 02:14:36,477 INFO [main] org.apache.nifi.bootstrap.RunNiFi Runtime Java version: 11.0.18
2023-05-01 02:14:36,502 INFO [main] org.apache.nifi.bootstrap.Command Starting Apache NiFi...
2023-05-01 02:14:36,505 INFO [main] org.apache.nifi.bootstrap.Command Working Directory: /opt/nifi/nifi-current
2023-05-01 02:14:36,506 INFO [main] org.apache.nifi.bootstrap.Command Command: /opt/java/openjdk/bin/java -classpath /opt/nifi/nifi-current/./conf:/opt/nifi/nifi-current/./lib/nifi-stateless-api-1.21.0.jar:/opt/nifi/nifi-current/./lib/nifi-framework-api-1.21.0.jar:/opt/nifi/nifi-current/./lib/jul-to-slf4j-2.0.7.jar:/opt/nifi/nifi-current/./lib/nifi-api-1.21.0.jar:/opt/nifi/nifi-current/./lib/nifi-stateless-bootstrap-1.21.0.jar:/opt/nifi/nifi-current/./lib/nifi-properties-1.21.0.jar:/opt/nifi/nifi-current/./lib/javax.servlet-api-3.1.0.jar:/opt/nifi/nifi-current/./lib/logback-classic-1.3.5.jar:/opt/nifi/nifi-current/./lib/nifi-server-api-1.21.0.jar:/opt/nifi/nifi-current/./lib/nifi-nar-utils-1.21.0.jar:/opt/nifi/nifi-current/./lib/slf4j-api-2.0.7.jar:/opt/nifi/nifi-current/./lib/jcl-over-slf4j-2.0.7.jar:/opt/nifi/nifi-current/./lib/log4j-over-slf4j-2.0.7.jar:/opt/nifi/nifi-current/./lib/logback-core-1.3.5.jar:/opt/nifi/nifi-current/./lib/nifi-runtime-1.21.0.jar:/opt/nifi/nifi-current/./lib/jetty-schemas-5.2.jar:/opt/nifi/nifi-current/./lib/nifi-property-utils-1.21.0.jar:/opt/nifi/nifi-current/./lib/java11/jaxb-runtime-2.3.5.jar:/opt/nifi/nifi-current/./lib/java11/jakarta.activation-api-1.2.2.jar:/opt/nifi/nifi-current/./lib/java11/txw2-2.3.5.jar:/opt/nifi/nifi-current/./lib/java11/jakarta.xml.bind-api-2.3.3.jar:/opt/nifi/nifi-current/./lib/java11/istack-commons-runtime-3.0.12.jar:/opt/nifi/nifi-current/./lib/java11/javax.annotation-api-1.3.2.jar:/opt/nifi/nifi-current/./lib/java11/jakarta.activation-1.2.2.jar -Dorg.apache.jasper.compiler.disablejsr199=true -Xmx512m -Xms512m -Dcurator-log-only-first-connection-issue-as-error-level=true -Djavax.security.auth.useSubjectCredsOnly=true -Djava.security.egd=file:/dev/urandom -Dzookeeper.admin.enableServer=false -Dsun.net.http.allowRestrictedHeaders=true -Djava.net.preferIPv4Stack=true -Djava.awt.headless=true -Djava.protocol.handler.pkgs=sun.net.www.protocol -Dnifi.properties.file.path=/opt/nifi/nifi-current/./conf/nifi.properties -Dnifi.bootstrap.listen.port=41677 -Dapp=NiFi -Dorg.apache.nifi.bootstrap.config.log.dir=/opt/nifi/nifi-current/logs org.apache.nifi.NiFi 
2023-05-01 02:14:36,524 INFO [main] org.apache.nifi.bootstrap.Command Launched Apache NiFi with Process ID 101
2023-05-01 02:14:37,852 INFO [NiFi Bootstrap Command Listener] org.apache.nifi.bootstrap.RunNiFi Apache NiFi now running and listening for Bootstrap requests on port 32771
2023-05-01 02:16:04,251 ERROR [NiFi logging handler] org.apache.nifi.StdErr WARNING: An illegal reflective access operation has occurred
2023-05-01 02:16:04,268 ERROR [NiFi logging handler] org.apache.nifi.StdErr WARNING: Illegal reflective access by org.springframework.cglib.core.ReflectUtils (file:/opt/nifi/nifi-current/./work/nar/framework/nifi-framework-nar-1.21.0.nar-unpacked/NAR-INF/bundled-dependencies/spring-core-5.3.26.jar) to method java.lang.ClassLoader.defineClass(java.lang.String,byte[],int,int,java.security.ProtectionDomain)
2023-05-01 02:16:04,272 ERROR [NiFi logging handler] org.apache.nifi.StdErr WARNING: Please consider reporting this to the maintainers of org.springframework.cglib.core.ReflectUtils
2023-05-01 02:16:04,274 ERROR [NiFi logging handler] org.apache.nifi.StdErr WARNING: Use --illegal-access=warn to enable warnings of further illegal reflective access operations
2023-05-01 02:16:04,275 ERROR [NiFi logging handler] org.apache.nifi.StdErr WARNING: All illegal access operations will be denied in a future release
2023-05-01 02:37:32,239 INFO [main] o.a.n.b.NotificationServiceManager Successfully loaded the following 0 services: []
2023-05-01 02:37:32,254 INFO [main] org.apache.nifi.bootstrap.RunNiFi Registered no Notification Services for Notification Type NIFI_STARTED
2023-05-01 02:37:32,255 INFO [main] org.apache.nifi.bootstrap.RunNiFi Registered no Notification Services for Notification Type NIFI_STOPPED
2023-05-01 02:37:32,257 INFO [main] org.apache.nifi.bootstrap.RunNiFi Registered no Notification Services for Notification Type NIFI_DIED
2023-05-01 02:37:32,326 INFO [main] org.apache.nifi.bootstrap.Command Apache NiFi has accepted the Shutdown Command and is shutting down now
2023-05-01 02:37:32,376 INFO [main] org.apache.nifi.bootstrap.Command NiFi PID [101] shutdown in progress...
2023-05-01 02:37:34,388 INFO [main] org.apache.nifi.bootstrap.Command NiFi PID [101] shutdown in progress...
2023-05-01 02:37:36,397 INFO [main] org.apache.nifi.bootstrap.Command NiFi PID [101] shutdown in progress...
2023-05-01 02:37:38,404 INFO [main] org.apache.nifi.bootstrap.Command NiFi PID [101] shutdown in progress...
2023-05-01 02:37:39,406 INFO [main] org.apache.nifi.bootstrap.RunNiFi A shutdown was initiated. Will not restart NiFi
2023-05-01 02:37:40,413 INFO [main] org.apache.nifi.bootstrap.Command NiFi PID [101] shutdown completed
2023-05-01 11:45:10,360 INFO [main] o.a.n.b.NotificationServiceManager Successfully loaded the following 0 services: []
2023-05-01 11:45:10,371 INFO [main] org.apache.nifi.bootstrap.RunNiFi Registered no Notification Services for Notification Type NIFI_STARTED
2023-05-01 11:45:10,373 INFO [main] org.apache.nifi.bootstrap.RunNiFi Registered no Notification Services for Notification Type NIFI_STOPPED
2023-05-01 11:45:10,374 INFO [main] org.apache.nifi.bootstrap.RunNiFi Registered no Notification Services for Notification Type NIFI_DIED
2023-05-01 11:45:10,384 INFO [main] org.apache.nifi.bootstrap.RunNiFi Runtime Java version: 11.0.18
2023-05-01 11:45:10,420 INFO [main] org.apache.nifi.bootstrap.Command Starting Apache NiFi...
2023-05-01 11:45:10,424 INFO [main] org.apache.nifi.bootstrap.Command Working Directory: /opt/nifi/nifi-current
2023-05-01 11:45:10,425 INFO [main] org.apache.nifi.bootstrap.Command Command: /opt/java/openjdk/bin/java -classpath /opt/nifi/nifi-current/./conf:/opt/nifi/nifi-current/./lib/nifi-stateless-api-1.21.0.jar:/opt/nifi/nifi-current/./lib/nifi-framework-api-1.21.0.jar:/opt/nifi/nifi-current/./lib/jul-to-slf4j-2.0.7.jar:/opt/nifi/nifi-current/./lib/nifi-api-1.21.0.jar:/opt/nifi/nifi-current/./lib/nifi-stateless-bootstrap-1.21.0.jar:/opt/nifi/nifi-current/./lib/nifi-properties-1.21.0.jar:/opt/nifi/nifi-current/./lib/javax.servlet-api-3.1.0.jar:/opt/nifi/nifi-current/./lib/logback-classic-1.3.5.jar:/opt/nifi/nifi-current/./lib/nifi-server-api-1.21.0.jar:/opt/nifi/nifi-current/./lib/nifi-nar-utils-1.21.0.jar:/opt/nifi/nifi-current/./lib/slf4j-api-2.0.7.jar:/opt/nifi/nifi-current/./lib/jcl-over-slf4j-2.0.7.jar:/opt/nifi/nifi-current/./lib/log4j-over-slf4j-2.0.7.jar:/opt/nifi/nifi-current/./lib/logback-core-1.3.5.jar:/opt/nifi/nifi-current/./lib/nifi-runtime-1.21.0.jar:/opt/nifi/nifi-current/./lib/jetty-schemas-5.2.jar:/opt/nifi/nifi-current/./lib/nifi-property-utils-1.21.0.jar:/opt/nifi/nifi-current/./lib/java11/jaxb-runtime-2.3.5.jar:/opt/nifi/nifi-current/./lib/java11/jakarta.activation-api-1.2.2.jar:/opt/nifi/nifi-current/./lib/java11/txw2-2.3.5.jar:/opt/nifi/nifi-current/./lib/java11/jakarta.xml.bind-api-2.3.3.jar:/opt/nifi/nifi-current/./lib/java11/istack-commons-runtime-3.0.12.jar:/opt/nifi/nifi-current/./lib/java11/javax.annotation-api-1.3.2.jar:/opt/nifi/nifi-current/./lib/java11/jakarta.activation-1.2.2.jar -Dorg.apache.jasper.compiler.disablejsr199=true -Xmx512m -Xms512m -Dcurator-log-only-first-connection-issue-as-error-level=true -Djavax.security.auth.useSubjectCredsOnly=true -Djava.security.egd=file:/dev/urandom -Dzookeeper.admin.enableServer=false -Dsun.net.http.allowRestrictedHeaders=true -Djava.net.preferIPv4Stack=true -Djava.awt.headless=true -Djava.protocol.handler.pkgs=sun.net.www.protocol -Dnifi.properties.file.path=/opt/nifi/nifi-current/./conf/nifi.properties -Dnifi.bootstrap.listen.port=39891 -Dapp=NiFi -Dorg.apache.nifi.bootstrap.config.log.dir=/opt/nifi/nifi-current/logs org.apache.nifi.NiFi 
2023-05-01 11:45:10,461 INFO [main] org.apache.nifi.bootstrap.Command Launched Apache NiFi with Process ID 99
2023-05-01 11:45:11,868 INFO [NiFi Bootstrap Command Listener] org.apache.nifi.bootstrap.RunNiFi Apache NiFi now running and listening for Bootstrap requests on port 39819
2023-05-01 11:48:14,986 ERROR [NiFi logging handler] org.apache.nifi.StdErr WARNING: An illegal reflective access operation has occurred
2023-05-01 11:48:15,001 ERROR [NiFi logging handler] org.apache.nifi.StdErr WARNING: Illegal reflective access by org.springframework.cglib.core.ReflectUtils (file:/opt/nifi/nifi-current/./work/nar/framework/nifi-framework-nar-1.21.0.nar-unpacked/NAR-INF/bundled-dependencies/spring-core-5.3.26.jar) to method java.lang.ClassLoader.defineClass(java.lang.String,byte[],int,int,java.security.ProtectionDomain)
2023-05-01 11:48:15,005 ERROR [NiFi logging handler] org.apache.nifi.StdErr WARNING: Please consider reporting this to the maintainers of org.springframework.cglib.core.ReflectUtils
2023-05-01 11:48:15,007 ERROR [NiFi logging handler] org.apache.nifi.StdErr WARNING: Use --illegal-access=warn to enable warnings of further illegal reflective access operations
2023-05-01 11:48:15,017 ERROR [NiFi logging handler] org.apache.nifi.StdErr WARNING: All illegal access operations will be denied in a future release
2023-05-01 13:06:24,188 INFO [main] o.a.n.b.NotificationServiceManager Successfully loaded the following 0 services: []
2023-05-01 13:06:24,204 INFO [main] org.apache.nifi.bootstrap.RunNiFi Registered no Notification Services for Notification Type NIFI_STARTED
2023-05-01 13:06:24,205 INFO [main] org.apache.nifi.bootstrap.RunNiFi Registered no Notification Services for Notification Type NIFI_STOPPED
2023-05-01 13:06:24,207 INFO [main] org.apache.nifi.bootstrap.RunNiFi Registered no Notification Services for Notification Type NIFI_DIED
2023-05-01 13:06:24,291 INFO [main] org.apache.nifi.bootstrap.Command Apache NiFi has accepted the Shutdown Command and is shutting down now
2023-05-01 13:06:24,353 INFO [main] org.apache.nifi.bootstrap.Command NiFi PID [99] shutdown in progress...
2023-05-01 13:06:26,359 INFO [main] org.apache.nifi.bootstrap.Command NiFi PID [99] shutdown in progress...
2023-05-01 13:06:28,367 INFO [main] org.apache.nifi.bootstrap.Command NiFi PID [99] shutdown in progress...
2023-05-01 13:06:30,388 INFO [main] org.apache.nifi.bootstrap.Command NiFi PID [99] shutdown in progress...
2023-05-01 13:07:31,835 INFO [main] o.a.n.b.NotificationServiceManager Successfully loaded the following 0 services: []
2023-05-01 13:07:31,851 INFO [main] org.apache.nifi.bootstrap.RunNiFi Registered no Notification Services for Notification Type NIFI_STARTED
2023-05-01 13:07:31,852 INFO [main] org.apache.nifi.bootstrap.RunNiFi Registered no Notification Services for Notification Type NIFI_STOPPED
2023-05-01 13:07:31,853 INFO [main] org.apache.nifi.bootstrap.RunNiFi Registered no Notification Services for Notification Type NIFI_DIED
2023-05-01 13:07:31,910 INFO [main] org.apache.nifi.bootstrap.RunNiFi Runtime Java version: 11.0.18
2023-05-01 13:07:31,948 INFO [main] org.apache.nifi.bootstrap.Command Starting Apache NiFi...
2023-05-01 13:07:31,950 INFO [main] org.apache.nifi.bootstrap.Command Working Directory: /opt/nifi/nifi-current
2023-05-01 13:07:31,952 INFO [main] org.apache.nifi.bootstrap.Command Command: /opt/java/openjdk/bin/java -classpath /opt/nifi/nifi-current/./conf:/opt/nifi/nifi-current/./lib/nifi-stateless-api-1.21.0.jar:/opt/nifi/nifi-current/./lib/nifi-framework-api-1.21.0.jar:/opt/nifi/nifi-current/./lib/jul-to-slf4j-2.0.7.jar:/opt/nifi/nifi-current/./lib/nifi-api-1.21.0.jar:/opt/nifi/nifi-current/./lib/nifi-stateless-bootstrap-1.21.0.jar:/opt/nifi/nifi-current/./lib/nifi-properties-1.21.0.jar:/opt/nifi/nifi-current/./lib/javax.servlet-api-3.1.0.jar:/opt/nifi/nifi-current/./lib/logback-classic-1.3.5.jar:/opt/nifi/nifi-current/./lib/nifi-server-api-1.21.0.jar:/opt/nifi/nifi-current/./lib/nifi-nar-utils-1.21.0.jar:/opt/nifi/nifi-current/./lib/slf4j-api-2.0.7.jar:/opt/nifi/nifi-current/./lib/jcl-over-slf4j-2.0.7.jar:/opt/nifi/nifi-current/./lib/log4j-over-slf4j-2.0.7.jar:/opt/nifi/nifi-current/./lib/logback-core-1.3.5.jar:/opt/nifi/nifi-current/./lib/nifi-runtime-1.21.0.jar:/opt/nifi/nifi-current/./lib/jetty-schemas-5.2.jar:/opt/nifi/nifi-current/./lib/nifi-property-utils-1.21.0.jar:/opt/nifi/nifi-current/./lib/java11/jaxb-runtime-2.3.5.jar:/opt/nifi/nifi-current/./lib/java11/jakarta.activation-api-1.2.2.jar:/opt/nifi/nifi-current/./lib/java11/txw2-2.3.5.jar:/opt/nifi/nifi-current/./lib/java11/jakarta.xml.bind-api-2.3.3.jar:/opt/nifi/nifi-current/./lib/java11/istack-commons-runtime-3.0.12.jar:/opt/nifi/nifi-current/./lib/java11/javax.annotation-api-1.3.2.jar:/opt/nifi/nifi-current/./lib/java11/jakarta.activation-1.2.2.jar -Dorg.apache.jasper.compiler.disablejsr199=true -Xmx512m -Xms512m -Dcurator-log-only-first-connection-issue-as-error-level=true -Djavax.security.auth.useSubjectCredsOnly=true -Djava.security.egd=file:/dev/urandom -Dzookeeper.admin.enableServer=false -Dsun.net.http.allowRestrictedHeaders=true -Djava.net.preferIPv4Stack=true -Djava.awt.headless=true -Djava.protocol.handler.pkgs=sun.net.www.protocol -Dnifi.properties.file.path=/opt/nifi/nifi-current/./conf/nifi.properties -Dnifi.bootstrap.listen.port=39625 -Dapp=NiFi -Dorg.apache.nifi.bootstrap.config.log.dir=/opt/nifi/nifi-current/logs org.apache.nifi.NiFi 
2023-05-01 13:07:31,966 INFO [main] org.apache.nifi.bootstrap.Command Launched Apache NiFi with Process ID 101
2023-05-01 13:07:33,535 INFO [NiFi Bootstrap Command Listener] org.apache.nifi.bootstrap.RunNiFi Apache NiFi now running and listening for Bootstrap requests on port 44605
2023-05-01 13:13:43,339 ERROR [NiFi logging handler] org.apache.nifi.StdErr WARNING: An illegal reflective access operation has occurred
2023-05-01 13:13:43,386 ERROR [NiFi logging handler] org.apache.nifi.StdErr WARNING: Illegal reflective access by org.springframework.cglib.core.ReflectUtils (file:/opt/nifi/nifi-current/./work/nar/framework/nifi-framework-nar-1.21.0.nar-unpacked/NAR-INF/bundled-dependencies/spring-core-5.3.26.jar) to method java.lang.ClassLoader.defineClass(java.lang.String,byte[],int,int,java.security.ProtectionDomain)
2023-05-01 13:13:43,388 ERROR [NiFi logging handler] org.apache.nifi.StdErr WARNING: Please consider reporting this to the maintainers of org.springframework.cglib.core.ReflectUtils
2023-05-01 13:13:43,390 ERROR [NiFi logging handler] org.apache.nifi.StdErr WARNING: Use --illegal-access=warn to enable warnings of further illegal reflective access operations
2023-05-01 13:13:43,393 ERROR [NiFi logging handler] org.apache.nifi.StdErr WARNING: All illegal access operations will be denied in a future release
2023-05-01 13:40:51,166 INFO [main] o.a.n.b.NotificationServiceManager Successfully loaded the following 0 services: []
2023-05-01 13:40:51,181 INFO [main] org.apache.nifi.bootstrap.RunNiFi Registered no Notification Services for Notification Type NIFI_STARTED
2023-05-01 13:40:51,182 INFO [main] org.apache.nifi.bootstrap.RunNiFi Registered no Notification Services for Notification Type NIFI_STOPPED
2023-05-01 13:40:51,183 INFO [main] org.apache.nifi.bootstrap.RunNiFi Registered no Notification Services for Notification Type NIFI_DIED
2023-05-01 13:40:51,234 INFO [main] org.apache.nifi.bootstrap.Command Apache NiFi has accepted the Shutdown Command and is shutting down now
2023-05-01 13:40:51,287 INFO [main] org.apache.nifi.bootstrap.Command NiFi PID [101] shutdown in progress...
2023-05-01 13:40:53,294 INFO [main] org.apache.nifi.bootstrap.Command NiFi PID [101] shutdown in progress...
2023-05-01 13:40:55,300 INFO [main] org.apache.nifi.bootstrap.Command NiFi PID [101] shutdown in progress...
2023-05-01 13:40:57,307 INFO [main] org.apache.nifi.bootstrap.Command NiFi PID [101] shutdown in progress...
2023-05-01 13:41:21,401 INFO [main] o.a.n.b.NotificationServiceManager Successfully loaded the following 0 services: []
2023-05-01 13:41:21,412 INFO [main] org.apache.nifi.bootstrap.RunNiFi Registered no Notification Services for Notification Type NIFI_STARTED
2023-05-01 13:41:21,413 INFO [main] org.apache.nifi.bootstrap.RunNiFi Registered no Notification Services for Notification Type NIFI_STOPPED
2023-05-01 13:41:21,414 INFO [main] org.apache.nifi.bootstrap.RunNiFi Registered no Notification Services for Notification Type NIFI_DIED
2023-05-01 13:41:21,460 INFO [main] org.apache.nifi.bootstrap.RunNiFi Runtime Java version: 11.0.18
2023-05-01 13:41:21,491 INFO [main] org.apache.nifi.bootstrap.Command Starting Apache NiFi...
2023-05-01 13:41:21,493 INFO [main] org.apache.nifi.bootstrap.Command Working Directory: /opt/nifi/nifi-current
2023-05-01 13:41:21,494 INFO [main] org.apache.nifi.bootstrap.Command Command: /opt/java/openjdk/bin/java -classpath /opt/nifi/nifi-current/./conf:/opt/nifi/nifi-current/./lib/nifi-stateless-api-1.21.0.jar:/opt/nifi/nifi-current/./lib/nifi-framework-api-1.21.0.jar:/opt/nifi/nifi-current/./lib/jul-to-slf4j-2.0.7.jar:/opt/nifi/nifi-current/./lib/nifi-api-1.21.0.jar:/opt/nifi/nifi-current/./lib/nifi-stateless-bootstrap-1.21.0.jar:/opt/nifi/nifi-current/./lib/nifi-properties-1.21.0.jar:/opt/nifi/nifi-current/./lib/javax.servlet-api-3.1.0.jar:/opt/nifi/nifi-current/./lib/logback-classic-1.3.5.jar:/opt/nifi/nifi-current/./lib/nifi-server-api-1.21.0.jar:/opt/nifi/nifi-current/./lib/nifi-nar-utils-1.21.0.jar:/opt/nifi/nifi-current/./lib/slf4j-api-2.0.7.jar:/opt/nifi/nifi-current/./lib/jcl-over-slf4j-2.0.7.jar:/opt/nifi/nifi-current/./lib/log4j-over-slf4j-2.0.7.jar:/opt/nifi/nifi-current/./lib/logback-core-1.3.5.jar:/opt/nifi/nifi-current/./lib/nifi-runtime-1.21.0.jar:/opt/nifi/nifi-current/./lib/jetty-schemas-5.2.jar:/opt/nifi/nifi-current/./lib/nifi-property-utils-1.21.0.jar:/opt/nifi/nifi-current/./lib/java11/jaxb-runtime-2.3.5.jar:/opt/nifi/nifi-current/./lib/java11/jakarta.activation-api-1.2.2.jar:/opt/nifi/nifi-current/./lib/java11/txw2-2.3.5.jar:/opt/nifi/nifi-current/./lib/java11/jakarta.xml.bind-api-2.3.3.jar:/opt/nifi/nifi-current/./lib/java11/istack-commons-runtime-3.0.12.jar:/opt/nifi/nifi-current/./lib/java11/javax.annotation-api-1.3.2.jar:/opt/nifi/nifi-current/./lib/java11/jakarta.activation-1.2.2.jar -Dorg.apache.jasper.compiler.disablejsr199=true -Xmx512m -Xms512m -Dcurator-log-only-first-connection-issue-as-error-level=true -Djavax.security.auth.useSubjectCredsOnly=true -Djava.security.egd=file:/dev/urandom -Dzookeeper.admin.enableServer=false -Dsun.net.http.allowRestrictedHeaders=true -Djava.net.preferIPv4Stack=true -Djava.awt.headless=true -Djava.protocol.handler.pkgs=sun.net.www.protocol -Dnifi.properties.file.path=/opt/nifi/nifi-current/./conf/nifi.properties -Dnifi.bootstrap.listen.port=45885 -Dapp=NiFi -Dorg.apache.nifi.bootstrap.config.log.dir=/opt/nifi/nifi-current/logs org.apache.nifi.NiFi 
2023-05-01 13:41:21,508 INFO [main] org.apache.nifi.bootstrap.Command Launched Apache NiFi with Process ID 101
2023-05-01 13:41:22,705 INFO [NiFi Bootstrap Command Listener] org.apache.nifi.bootstrap.RunNiFi Apache NiFi now running and listening for Bootstrap requests on port 38677
2023-05-01 13:43:17,432 ERROR [NiFi logging handler] org.apache.nifi.StdErr WARNING: An illegal reflective access operation has occurred
2023-05-01 13:43:17,470 ERROR [NiFi logging handler] org.apache.nifi.StdErr WARNING: Illegal reflective access by org.springframework.cglib.core.ReflectUtils (file:/opt/nifi/nifi-current/./work/nar/framework/nifi-framework-nar-1.21.0.nar-unpacked/NAR-INF/bundled-dependencies/spring-core-5.3.26.jar) to method java.lang.ClassLoader.defineClass(java.lang.String,byte[],int,int,java.security.ProtectionDomain)
2023-05-01 13:43:17,474 ERROR [NiFi logging handler] org.apache.nifi.StdErr WARNING: Please consider reporting this to the maintainers of org.springframework.cglib.core.ReflectUtils
2023-05-01 13:43:17,475 ERROR [NiFi logging handler] org.apache.nifi.StdErr WARNING: Use --illegal-access=warn to enable warnings of further illegal reflective access operations
2023-05-01 13:43:17,477 ERROR [NiFi logging handler] org.apache.nifi.StdErr WARNING: All illegal access operations will be denied in a future release
